12-Feb-2016 21:09:44.861 INFO [main] com.springsource.tcserver.security.PropertyDecoder.<init> tc Runtime property decoder using memory-based key
12-Feb-2016 21:09:44.862 INFO [main] com.springsource.tcserver.security.TcDecoder.initCiphers Initializing ciphers
12-Feb-2016 21:09:45.035 INFO [main] com.springsource.tcserver.security.PropertyDecoder.<init> tcServer Runtime property decoder has been initialized in 176 ms
12-Feb-2016 21:09:45.460 INFO [main] org.apache.coyote.AbstractProtocol.init Initializing ProtocolHandler ["http-bio-8080"]
12-Feb-2016 21:09:45.598 INFO [main] com.springsource.tcserver.serviceability.rmi.JmxSocketListener.init Started up JMX registry on 127.0.0.1:6969 in 115 ms
12-Feb-2016 21:09:45.616 INFO [main] org.apache.catalina.core.StandardService.startInternal Starting service Catalina
12-Feb-2016 21:09:45.616 INFO [main] org.apache.catalina.core.StandardEngine.startInternal Starting Servlet Engine: Pivotal tc Runtime 3.1.2.RELEASE/8.0.26.B.RELEASE
12-Feb-2016 21:09:45.622 INFO [localhost-startStop-1] org.apache.catalina.startup.HostConfig.deployDescriptor Deploying configuration descriptor /Users/Derek/Dropbox/Projects/Jinx/Server/.metadata/.plugins/org.eclipse.wst.server.core/tmp0/conf/Catalina/localhost/ROOT.xml
12-Feb-2016 21:09:45.658 WARNING [localhost-startStop-1] org.apache.catalina.startup.SetContextPropertiesRule.begin [SetContextPropertiesRule]{Context} Setting property 'source' to 'org.eclipse.jst.jee.server:Jinx' did not find a matching property.
12-Feb-2016 21:09:45.680 SEVERE [localhost-startStop-1] org.apache.catalina.core.ContainerBase.addChildInternal ContainerBase.addChild: start: 
 org.apache.catalina.LifecycleException: Failed to start component [StandardEngine[Catalina].StandardHost[localhost].StandardContext[]]
	at org.apache.catalina.util.LifecycleBase.start(LifecycleBase.java:154)
	at org.apache.catalina.core.ContainerBase.addChildInternal(ContainerBase.java:725)
	at org.apache.catalina.core.ContainerBase.addChild(ContainerBase.java:701)
	at org.apache.catalina.core.StandardHost.addChild(StandardHost.java:717)
	at org.apache.catalina.startup.HostConfig.deployDescriptor(HostConfig.java:586)
	at org.apache.catalina.startup.HostConfig$DeployDescriptor.run(HostConfig.java:1750)
	at java.util.concurrent.Executors$RunnableAdapter.call(Executors.java:511)
	at java.util.concurrent.FutureTask.run(FutureTask.java:266)
	at java.util.concurrent.ThreadPoolExecutor.runWorker(ThreadPoolExecutor.java:1142)
	at java.util.concurrent.ThreadPoolExecutor$Worker.run(ThreadPoolExecutor.java:617)
	at java.lang.Thread.run(Thread.java:745)
Caused by: org.apache.catalina.LifecycleException: Failed to start component [org.apache.catalina.webresources.StandardRoot@14152de6]
	at org.apache.catalina.util.LifecycleBase.start(LifecycleBase.java:154)
	at org.apache.catalina.core.StandardContext.resourcesStart(StandardContext.java:4845)
	at org.apache.catalina.core.StandardContext.startInternal(StandardContext.java:4975)
	at org.apache.catalina.util.LifecycleBase.start(LifecycleBase.java:150)
	... 10 more
Caused by: java.lang.IllegalArgumentException: The main resource set specified [/Users/Derek/Dropbox/Projects/Jinx/Server/.metadata/.plugins/org.eclipse.wst.server.core/tmp0/wtpwebapps/Jinx] is not valid
	at org.apache.catalina.webresources.StandardRoot.createMainResourceSet(StandardRoot.java:723)
	at org.apache.catalina.webresources.StandardRoot.startInternal(StandardRoot.java:684)
	at org.apache.catalina.util.LifecycleBase.start(LifecycleBase.java:150)
	... 13 more

12-Feb-2016 21:09:45.680 SEVERE [localhost-startStop-1] org.apache.catalina.startup.HostConfig.deployDescriptor Error deploying configuration descriptor /Users/Derek/Dropbox/Projects/Jinx/Server/.metadata/.plugins/org.eclipse.wst.server.core/tmp0/conf/Catalina/localhost/ROOT.xml
 java.lang.IllegalStateException: ContainerBase.addChild: start: org.apache.catalina.LifecycleException: Failed to start component [StandardEngine[Catalina].StandardHost[localhost].StandardContext[]]
	at org.apache.catalina.core.ContainerBase.addChildInternal(ContainerBase.java:729)
	at org.apache.catalina.core.ContainerBase.addChild(ContainerBase.java:701)
	at org.apache.catalina.core.StandardHost.addChild(StandardHost.java:717)
	at org.apache.catalina.startup.HostConfig.deployDescriptor(HostConfig.java:586)
	at org.apache.catalina.startup.HostConfig$DeployDescriptor.run(HostConfig.java:1750)
	at java.util.concurrent.Executors$RunnableAdapter.call(Executors.java:511)
	at java.util.concurrent.FutureTask.run(FutureTask.java:266)
	at java.util.concurrent.ThreadPoolExecutor.runWorker(ThreadPoolExecutor.java:1142)
	at java.util.concurrent.ThreadPoolExecutor$Worker.run(ThreadPoolExecutor.java:617)
	at java.lang.Thread.run(Thread.java:745)

12-Feb-2016 21:09:45.681 INFO [localhost-startStop-1] org.apache.catalina.startup.HostConfig.deployDescriptor Deployment of configuration descriptor /Users/Derek/Dropbox/Projects/Jinx/Server/.metadata/.plugins/org.eclipse.wst.server.core/tmp0/conf/Catalina/localhost/ROOT.xml has finished in 58 ms
12-Feb-2016 21:09:45.686 INFO [main] org.apache.coyote.AbstractProtocol.start Starting ProtocolHandler ["http-bio-8080"]
12-Feb-2016 21:09:47.513 INFO [Thread-3] org.apache.coyote.AbstractProtocol.pause Pausing ProtocolHandler ["http-bio-8080"]
12-Feb-2016 21:09:47.566 INFO [Thread-3] org.apache.catalina.core.StandardService.stopInternal Stopping service Catalina
12-Feb-2016 21:09:47.568 INFO [Thread-3] org.apache.coyote.AbstractProtocol.stop Stopping ProtocolHandler ["http-bio-8080"]
12-Feb-2016 21:09:47.568 INFO [Thread-3] org.apache.coyote.AbstractProtocol.destroy Destroying ProtocolHandler ["http-bio-8080"]
12-Feb-2016 21:10:37.128 INFO [main] com.springsource.tcserver.security.PropertyDecoder.<init> tc Runtime property decoder using memory-based key
12-Feb-2016 21:10:37.130 INFO [main] com.springsource.tcserver.security.TcDecoder.initCiphers Initializing ciphers
12-Feb-2016 21:10:37.239 INFO [main] com.springsource.tcserver.security.PropertyDecoder.<init> tcServer Runtime property decoder has been initialized in 112 ms
12-Feb-2016 21:10:37.541 INFO [main] org.apache.coyote.AbstractProtocol.init Initializing ProtocolHandler ["http-bio-8080"]
12-Feb-2016 21:10:37.632 INFO [main] com.springsource.tcserver.serviceability.rmi.JmxSocketListener.init Started up JMX registry on 127.0.0.1:6969 in 75 ms
12-Feb-2016 21:10:37.645 INFO [main] org.apache.catalina.core.StandardService.startInternal Starting service Catalina
12-Feb-2016 21:10:37.645 INFO [main] org.apache.catalina.core.StandardEngine.startInternal Starting Servlet Engine: Pivotal tc Runtime 3.1.2.RELEASE/8.0.26.B.RELEASE
12-Feb-2016 21:10:37.650 INFO [localhost-startStop-1] org.apache.catalina.startup.HostConfig.deployDescriptor Deploying configuration descriptor /Users/Derek/Dropbox/Projects/Jinx/Server/.metadata/.plugins/org.eclipse.wst.server.core/tmp0/conf/Catalina/localhost/ROOT.xml
12-Feb-2016 21:10:37.675 WARNING [localhost-startStop-1] org.apache.catalina.startup.SetContextPropertiesRule.begin [SetContextPropertiesRule]{Context} Setting property 'source' to 'org.eclipse.jst.jee.server:Jinx' did not find a matching property.
12-Feb-2016 21:10:37.693 SEVERE [localhost-startStop-1] org.apache.catalina.core.ContainerBase.addChildInternal ContainerBase.addChild: start: 
 org.apache.catalina.LifecycleException: Failed to start component [StandardEngine[Catalina].StandardHost[localhost].StandardContext[]]
	at org.apache.catalina.util.LifecycleBase.start(LifecycleBase.java:154)
	at org.apache.catalina.core.ContainerBase.addChildInternal(ContainerBase.java:725)
	at org.apache.catalina.core.ContainerBase.addChild(ContainerBase.java:701)
	at org.apache.catalina.core.StandardHost.addChild(StandardHost.java:717)
	at org.apache.catalina.startup.HostConfig.deployDescriptor(HostConfig.java:586)
	at org.apache.catalina.startup.HostConfig$DeployDescriptor.run(HostConfig.java:1750)
	at java.util.concurrent.Executors$RunnableAdapter.call(Executors.java:511)
	at java.util.concurrent.FutureTask.run(FutureTask.java:266)
	at java.util.concurrent.ThreadPoolExecutor.runWorker(ThreadPoolExecutor.java:1142)
	at java.util.concurrent.ThreadPoolExecutor$Worker.run(ThreadPoolExecutor.java:617)
	at java.lang.Thread.run(Thread.java:745)
Caused by: org.apache.catalina.LifecycleException: Failed to start component [org.apache.catalina.webresources.StandardRoot@38637e24]
	at org.apache.catalina.util.LifecycleBase.start(LifecycleBase.java:154)
	at org.apache.catalina.core.StandardContext.resourcesStart(StandardContext.java:4845)
	at org.apache.catalina.core.StandardContext.startInternal(StandardContext.java:4975)
	at org.apache.catalina.util.LifecycleBase.start(LifecycleBase.java:150)
	... 10 more
Caused by: java.lang.IllegalArgumentException: The main resource set specified [/Users/Derek/Dropbox/Projects/Jinx/Server/.metadata/.plugins/org.eclipse.wst.server.core/tmp0/wtpwebapps/Jinx] is not valid
	at org.apache.catalina.webresources.StandardRoot.createMainResourceSet(StandardRoot.java:723)
	at org.apache.catalina.webresources.StandardRoot.startInternal(StandardRoot.java:684)
	at org.apache.catalina.util.LifecycleBase.start(LifecycleBase.java:150)
	... 13 more

12-Feb-2016 21:10:37.693 SEVERE [localhost-startStop-1] org.apache.catalina.startup.HostConfig.deployDescriptor Error deploying configuration descriptor /Users/Derek/Dropbox/Projects/Jinx/Server/.metadata/.plugins/org.eclipse.wst.server.core/tmp0/conf/Catalina/localhost/ROOT.xml
 java.lang.IllegalStateException: ContainerBase.addChild: start: org.apache.catalina.LifecycleException: Failed to start component [StandardEngine[Catalina].StandardHost[localhost].StandardContext[]]
	at org.apache.catalina.core.ContainerBase.addChildInternal(ContainerBase.java:729)
	at org.apache.catalina.core.ContainerBase.addChild(ContainerBase.java:701)
	at org.apache.catalina.core.StandardHost.addChild(StandardHost.java:717)
	at org.apache.catalina.startup.HostConfig.deployDescriptor(HostConfig.java:586)
	at org.apache.catalina.startup.HostConfig$DeployDescriptor.run(HostConfig.java:1750)
	at java.util.concurrent.Executors$RunnableAdapter.call(Executors.java:511)
	at java.util.concurrent.FutureTask.run(FutureTask.java:266)
	at java.util.concurrent.ThreadPoolExecutor.runWorker(ThreadPoolExecutor.java:1142)
	at java.util.concurrent.ThreadPoolExecutor$Worker.run(ThreadPoolExecutor.java:617)
	at java.lang.Thread.run(Thread.java:745)

12-Feb-2016 21:10:37.693 INFO [localhost-startStop-1] org.apache.catalina.startup.HostConfig.deployDescriptor Deployment of configuration descriptor /Users/Derek/Dropbox/Projects/Jinx/Server/.metadata/.plugins/org.eclipse.wst.server.core/tmp0/conf/Catalina/localhost/ROOT.xml has finished in 43 ms
12-Feb-2016 21:10:37.696 INFO [main] org.apache.coyote.AbstractProtocol.start Starting ProtocolHandler ["http-bio-8080"]
12-Feb-2016 21:10:41.788 INFO [Thread-3] org.apache.coyote.AbstractProtocol.pause Pausing ProtocolHandler ["http-bio-8080"]
12-Feb-2016 21:10:41.839 INFO [Thread-3] org.apache.catalina.core.StandardService.stopInternal Stopping service Catalina
12-Feb-2016 21:10:41.840 INFO [Thread-3] org.apache.coyote.AbstractProtocol.stop Stopping ProtocolHandler ["http-bio-8080"]
12-Feb-2016 21:10:41.841 INFO [Thread-3] org.apache.coyote.AbstractProtocol.destroy Destroying ProtocolHandler ["http-bio-8080"]
12-Feb-2016 21:11:55.343 INFO [main] com.springsource.tcserver.security.PropertyDecoder.<init> tc Runtime property decoder using memory-based key
12-Feb-2016 21:11:55.344 INFO [main] com.springsource.tcserver.security.TcDecoder.initCiphers Initializing ciphers
12-Feb-2016 21:11:55.500 INFO [main] com.springsource.tcserver.security.PropertyDecoder.<init> tcServer Runtime property decoder has been initialized in 159 ms
12-Feb-2016 21:11:55.911 INFO [main] org.apache.coyote.AbstractProtocol.init Initializing ProtocolHandler ["http-bio-8080"]
12-Feb-2016 21:11:56.035 INFO [main] com.springsource.tcserver.serviceability.rmi.JmxSocketListener.init Started up JMX registry on 127.0.0.1:6969 in 102 ms
12-Feb-2016 21:11:56.050 INFO [main] org.apache.catalina.core.StandardService.startInternal Starting service Catalina
12-Feb-2016 21:11:56.050 INFO [main] org.apache.catalina.core.StandardEngine.startInternal Starting Servlet Engine: Pivotal tc Runtime 3.1.2.RELEASE/8.0.26.B.RELEASE
12-Feb-2016 21:11:56.055 INFO [localhost-startStop-1] org.apache.catalina.startup.HostConfig.deployDescriptor Deploying configuration descriptor /Users/Derek/Dropbox/Projects/Jinx/Server/.metadata/.plugins/org.eclipse.wst.server.core/tmp0/conf/Catalina/localhost/ROOT.xml
12-Feb-2016 21:11:56.085 WARNING [localhost-startStop-1] org.apache.catalina.startup.SetContextPropertiesRule.begin [SetContextPropertiesRule]{Context} Setting property 'source' to 'org.eclipse.jst.jee.server:Jinx' did not find a matching property.
12-Feb-2016 21:11:57.495 INFO [localhost-startStop-1] org.apache.jasper.servlet.TldScanner.scanJars At least one JAR was scanned for TLDs yet contained no TLDs. Enable debug logging for this logger for a complete list of JARs that were scanned but no TLDs were found in them. Skipping unneeded JARs during scanning can improve startup time and JSP compilation time.
12-Feb-2016 21:12:01.690 INFO [localhost-startStop-1] org.apache.catalina.startup.HostConfig.deployDescriptor Deployment of configuration descriptor /Users/Derek/Dropbox/Projects/Jinx/Server/.metadata/.plugins/org.eclipse.wst.server.core/tmp0/conf/Catalina/localhost/ROOT.xml has finished in 5,633 ms
12-Feb-2016 21:12:01.696 INFO [main] org.apache.coyote.AbstractProtocol.start Starting ProtocolHandler ["http-bio-8080"]
12-Feb-2016 21:33:19.419 INFO [RMI TCP Connection(7)-127.0.0.1] org.apache.coyote.AbstractProtocol.pause Pausing ProtocolHandler ["http-bio-8080"]
12-Feb-2016 21:33:19.475 INFO [RMI TCP Connection(7)-127.0.0.1] org.apache.catalina.core.StandardService.stopInternal Stopping service Catalina
12-Feb-2016 21:33:19.494 INFO [RMI TCP Connection(7)-127.0.0.1] org.apache.coyote.AbstractProtocol.stop Stopping ProtocolHandler ["http-bio-8080"]
12-Feb-2016 21:33:19.499 INFO [Thread-5] org.apache.catalina.util.LifecycleBase.stop The stop() method was called on component [StandardService[Catalina]] after stop() had already been called. The second call will be ignored.
12-Feb-2016 21:33:19.500 INFO [Thread-5] org.apache.coyote.AbstractProtocol.destroy Destroying ProtocolHandler ["http-bio-8080"]
