07-Feb-2016 00:03:44.280 INFO [ContainerBackgroundProcessor[StandardEngine[Catalina]]] org.apache.catalina.core.ApplicationContext.log Destroying Spring FrameworkServlet 'dispatcherServlet'
07-Feb-2016 00:03:44.281 INFO [ContainerBackgroundProcessor[StandardEngine[Catalina]]] org.apache.catalina.core.ApplicationContext.log Closing Spring root WebApplicationContext
07-Feb-2016 00:03:45.443 INFO [ContainerBackgroundProcessor[StandardEngine[Catalina]]] org.apache.catalina.core.ApplicationContext.log Spring WebApplicationInitializers detected on classpath: [org.springframework.boot.autoconfigure.jersey.JerseyAutoConfiguration$JerseyWebApplicationInitializer@24f87aca, org.glassfish.jersey.server.spring.SpringWebApplicationInitializer@7c665e0, com.jinx.ServletInitializer@7b26203d]
07-Feb-2016 00:03:47.156 INFO [ContainerBackgroundProcessor[StandardEngine[Catalina]]] org.apache.catalina.core.ApplicationContext.log Initializing Spring embedded WebApplicationContext
07-Feb-2016 00:03:52.210 INFO [tomcat-http--34] org.apache.catalina.core.ApplicationContext.log Initializing Spring FrameworkServlet 'dispatcherServlet'
07-Feb-2016 00:05:45.686 INFO [ContainerBackgroundProcessor[StandardEngine[Catalina]]] org.apache.catalina.core.ApplicationContext.log Destroying Spring FrameworkServlet 'dispatcherServlet'
07-Feb-2016 00:05:45.686 INFO [ContainerBackgroundProcessor[StandardEngine[Catalina]]] org.apache.catalina.core.ApplicationContext.log Closing Spring root WebApplicationContext
07-Feb-2016 00:05:46.481 INFO [ContainerBackgroundProcessor[StandardEngine[Catalina]]] org.apache.catalina.core.ApplicationContext.log Spring WebApplicationInitializers detected on classpath: [org.springframework.boot.autoconfigure.jersey.JerseyAutoConfiguration$JerseyWebApplicationInitializer@56d4b302, org.glassfish.jersey.server.spring.SpringWebApplicationInitializer@f4248ff, com.jinx.ServletInitializer@51f45f7e]
07-Feb-2016 00:05:48.102 INFO [ContainerBackgroundProcessor[StandardEngine[Catalina]]] org.apache.catalina.core.ApplicationContext.log Initializing Spring embedded WebApplicationContext
07-Feb-2016 00:05:49.480 INFO [tomcat-http--4] org.apache.catalina.core.ApplicationContext.log Initializing Spring FrameworkServlet 'dispatcherServlet'
07-Feb-2016 00:09:44.062 INFO [ContainerBackgroundProcessor[StandardEngine[Catalina]]] org.apache.catalina.core.ApplicationContext.log Destroying Spring FrameworkServlet 'dispatcherServlet'
07-Feb-2016 00:09:44.062 INFO [ContainerBackgroundProcessor[StandardEngine[Catalina]]] org.apache.catalina.core.ApplicationContext.log Closing Spring root WebApplicationContext
07-Feb-2016 00:09:45.182 INFO [ContainerBackgroundProcessor[StandardEngine[Catalina]]] org.apache.catalina.core.ApplicationContext.log Spring WebApplicationInitializers detected on classpath: [org.springframework.boot.autoconfigure.jersey.JerseyAutoConfiguration$JerseyWebApplicationInitializer@6422c203, com.jinx.ServletInitializer@756d11b5, org.glassfish.jersey.server.spring.SpringWebApplicationInitializer@77a53091]
07-Feb-2016 00:09:46.909 INFO [ContainerBackgroundProcessor[StandardEngine[Catalina]]] org.apache.catalina.core.ApplicationContext.log Initializing Spring embedded WebApplicationContext
07-Feb-2016 00:09:48.330 INFO [tomcat-http--83] org.apache.catalina.core.ApplicationContext.log Initializing Spring FrameworkServlet 'dispatcherServlet'
07-Feb-2016 00:13:43.751 INFO [ContainerBackgroundProcessor[StandardEngine[Catalina]]] org.apache.catalina.core.ApplicationContext.log Destroying Spring FrameworkServlet 'dispatcherServlet'
07-Feb-2016 00:13:43.751 INFO [ContainerBackgroundProcessor[StandardEngine[Catalina]]] org.apache.catalina.core.ApplicationContext.log Closing Spring root WebApplicationContext
07-Feb-2016 00:13:44.838 INFO [ContainerBackgroundProcessor[StandardEngine[Catalina]]] org.apache.catalina.core.ApplicationContext.log Spring WebApplicationInitializers detected on classpath: [org.springframework.boot.autoconfigure.jersey.JerseyAutoConfiguration$JerseyWebApplicationInitializer@a66f43a, com.jinx.ServletInitializer@6f0665cf, org.glassfish.jersey.server.spring.SpringWebApplicationInitializer@2a852a60]
07-Feb-2016 00:13:46.658 INFO [ContainerBackgroundProcessor[StandardEngine[Catalina]]] org.apache.catalina.core.ApplicationContext.log Initializing Spring embedded WebApplicationContext
07-Feb-2016 00:13:47.931 INFO [tomcat-http--104] org.apache.catalina.core.ApplicationContext.log Initializing Spring FrameworkServlet 'dispatcherServlet'
07-Feb-2016 00:17:31.909 INFO [localhost-startStop-2] org.apache.catalina.core.ApplicationContext.log Destroying Spring FrameworkServlet 'dispatcherServlet'
07-Feb-2016 00:17:31.909 INFO [localhost-startStop-2] org.apache.catalina.core.ApplicationContext.log Closing Spring root WebApplicationContext
07-Feb-2016 00:17:38.660 INFO [localhost-startStop-1] org.apache.catalina.core.ApplicationContext.log Spring WebApplicationInitializers detected on classpath: [org.springframework.boot.autoconfigure.jersey.JerseyAutoConfiguration$JerseyWebApplicationInitializer@1d4353ef, org.glassfish.jersey.server.spring.SpringWebApplicationInitializer@777e7393, com.jinx.ServletInitializer@75650ca0]
07-Feb-2016 00:17:40.682 INFO [localhost-startStop-1] org.apache.catalina.core.ApplicationContext.log Initializing Spring embedded WebApplicationContext
07-Feb-2016 00:17:42.201 INFO [tomcat-http--2] org.apache.catalina.core.ApplicationContext.log Initializing Spring FrameworkServlet 'dispatcherServlet'
07-Feb-2016 00:26:06.512 INFO [ContainerBackgroundProcessor[StandardEngine[Catalina]]] org.apache.catalina.core.ApplicationContext.log Destroying Spring FrameworkServlet 'dispatcherServlet'
07-Feb-2016 00:26:06.512 INFO [ContainerBackgroundProcessor[StandardEngine[Catalina]]] org.apache.catalina.core.ApplicationContext.log Closing Spring root WebApplicationContext
07-Feb-2016 00:26:07.620 INFO [ContainerBackgroundProcessor[StandardEngine[Catalina]]] org.apache.catalina.core.ApplicationContext.log Spring WebApplicationInitializers detected on classpath: [org.springframework.boot.autoconfigure.jersey.JerseyAutoConfiguration$JerseyWebApplicationInitializer@620dd0e9, com.jinx.ServletInitializer@587f3501, org.glassfish.jersey.server.spring.SpringWebApplicationInitializer@1e519aa7]
07-Feb-2016 00:26:09.224 INFO [ContainerBackgroundProcessor[StandardEngine[Catalina]]] org.apache.catalina.core.ApplicationContext.log Initializing Spring embedded WebApplicationContext
07-Feb-2016 00:26:10.846 INFO [tomcat-http--40] org.apache.catalina.core.ApplicationContext.log Initializing Spring FrameworkServlet 'dispatcherServlet'
07-Feb-2016 00:26:29.414 INFO [localhost-startStop-2] org.apache.catalina.core.ApplicationContext.log Destroying Spring FrameworkServlet 'dispatcherServlet'
07-Feb-2016 00:26:29.415 INFO [localhost-startStop-2] org.apache.catalina.core.ApplicationContext.log Closing Spring root WebApplicationContext
07-Feb-2016 00:27:28.589 INFO [localhost-startStop-1] org.apache.catalina.core.ApplicationContext.log Spring WebApplicationInitializers detected on classpath: [org.springframework.boot.autoconfigure.jersey.JerseyAutoConfiguration$JerseyWebApplicationInitializer@5f432542, com.jinx.ServletInitializer@3c0fce90, org.glassfish.jersey.server.spring.SpringWebApplicationInitializer@27e422f5]
07-Feb-2016 00:27:30.287 INFO [localhost-startStop-1] org.apache.catalina.core.ApplicationContext.log Initializing Spring embedded WebApplicationContext
07-Feb-2016 00:27:31.773 INFO [tomcat-http--1] org.apache.catalina.core.ApplicationContext.log Initializing Spring FrameworkServlet 'dispatcherServlet'
07-Feb-2016 00:27:56.202 INFO [localhost-startStop-2] org.apache.catalina.core.ApplicationContext.log Destroying Spring FrameworkServlet 'dispatcherServlet'
07-Feb-2016 00:27:56.203 INFO [localhost-startStop-2] org.apache.catalina.core.ApplicationContext.log Closing Spring root WebApplicationContext
07-Feb-2016 00:28:22.119 INFO [localhost-startStop-1] org.apache.catalina.core.ApplicationContext.log Spring WebApplicationInitializers detected on classpath: [org.springframework.boot.autoconfigure.jersey.JerseyAutoConfiguration$JerseyWebApplicationInitializer@63460c2e, org.glassfish.jersey.server.spring.SpringWebApplicationInitializer@6a6a7314, com.jinx.ServletInitializer@1df6b430]
07-Feb-2016 00:28:24.158 INFO [localhost-startStop-1] org.apache.catalina.core.ApplicationContext.log Initializing Spring embedded WebApplicationContext
07-Feb-2016 00:28:25.744 INFO [tomcat-http--2] org.apache.catalina.core.ApplicationContext.log Initializing Spring FrameworkServlet 'dispatcherServlet'
07-Feb-2016 00:29:55.519 INFO [localhost-startStop-2] org.apache.catalina.core.ApplicationContext.log Destroying Spring FrameworkServlet 'dispatcherServlet'
07-Feb-2016 00:29:55.520 INFO [localhost-startStop-2] org.apache.catalina.core.ApplicationContext.log Closing Spring root WebApplicationContext
07-Feb-2016 00:30:10.419 INFO [localhost-startStop-1] org.apache.catalina.core.ApplicationContext.log Spring WebApplicationInitializers detected on classpath: [org.springframework.boot.autoconfigure.jersey.JerseyAutoConfiguration$JerseyWebApplicationInitializer@63460c2e, org.glassfish.jersey.server.spring.SpringWebApplicationInitializer@6a6a7314, com.jinx.ServletInitializer@1df6b430]
07-Feb-2016 00:30:12.036 INFO [localhost-startStop-1] org.apache.catalina.core.ApplicationContext.log Initializing Spring embedded WebApplicationContext
07-Feb-2016 00:30:13.634 INFO [tomcat-http--1] org.apache.catalina.core.ApplicationContext.log Initializing Spring FrameworkServlet 'dispatcherServlet'
07-Feb-2016 00:31:55.796 INFO [localhost-startStop-2] org.apache.catalina.core.ApplicationContext.log Destroying Spring FrameworkServlet 'dispatcherServlet'
07-Feb-2016 00:31:55.797 INFO [localhost-startStop-2] org.apache.catalina.core.ApplicationContext.log Closing Spring root WebApplicationContext
07-Feb-2016 00:32:08.592 INFO [localhost-startStop-1] org.apache.catalina.core.ApplicationContext.log Spring WebApplicationInitializers detected on classpath: [org.springframework.boot.autoconfigure.jersey.JerseyAutoConfiguration$JerseyWebApplicationInitializer@c3f868c, com.jinx.ServletInitializer@6d5a346c, org.glassfish.jersey.server.spring.SpringWebApplicationInitializer@4ff785d1]
07-Feb-2016 00:32:10.312 INFO [localhost-startStop-1] org.apache.catalina.core.ApplicationContext.log Initializing Spring embedded WebApplicationContext
07-Feb-2016 00:32:11.746 INFO [tomcat-http--2] org.apache.catalina.core.ApplicationContext.log Initializing Spring FrameworkServlet 'dispatcherServlet'
07-Feb-2016 00:32:43.930 INFO [localhost-startStop-2] org.apache.catalina.core.ApplicationContext.log Destroying Spring FrameworkServlet 'dispatcherServlet'
07-Feb-2016 00:32:43.930 INFO [localhost-startStop-2] org.apache.catalina.core.ApplicationContext.log Closing Spring root WebApplicationContext
07-Feb-2016 00:33:18.862 INFO [localhost-startStop-1] org.apache.catalina.core.ApplicationContext.log Spring WebApplicationInitializers detected on classpath: [org.springframework.boot.autoconfigure.jersey.JerseyAutoConfiguration$JerseyWebApplicationInitializer@7550a11c, com.jinx.ServletInitializer@1f22f02, org.glassfish.jersey.server.spring.SpringWebApplicationInitializer@6ef4285f]
07-Feb-2016 00:33:20.563 INFO [localhost-startStop-1] org.apache.catalina.core.ApplicationContext.log Initializing Spring embedded WebApplicationContext
07-Feb-2016 00:33:22.087 INFO [tomcat-http--1] org.apache.catalina.core.ApplicationContext.log Initializing Spring FrameworkServlet 'dispatcherServlet'
07-Feb-2016 16:08:09.428 INFO [localhost-startStop-2] org.apache.catalina.core.ApplicationContext.log Destroying Spring FrameworkServlet 'dispatcherServlet'
07-Feb-2016 16:08:09.430 INFO [localhost-startStop-2] org.apache.catalina.core.ApplicationContext.log Closing Spring root WebApplicationContext
07-Feb-2016 16:08:16.291 INFO [localhost-startStop-1] org.apache.catalina.core.ApplicationContext.log Spring WebApplicationInitializers detected on classpath: [org.springframework.boot.autoconfigure.jersey.JerseyAutoConfiguration$JerseyWebApplicationInitializer@24915231, org.glassfish.jersey.server.spring.SpringWebApplicationInitializer@4b740f1, com.jinx.ServletInitializer@49aeeb8f]
07-Feb-2016 16:08:18.271 INFO [localhost-startStop-1] org.apache.catalina.core.ApplicationContext.log Initializing Spring embedded WebApplicationContext
07-Feb-2016 16:08:19.845 INFO [tomcat-http--1] org.apache.catalina.core.ApplicationContext.log Initializing Spring FrameworkServlet 'dispatcherServlet'
07-Feb-2016 21:55:08.773 INFO [localhost-startStop-2] org.apache.catalina.core.ApplicationContext.log Destroying Spring FrameworkServlet 'dispatcherServlet'
07-Feb-2016 21:55:08.774 INFO [localhost-startStop-2] org.apache.catalina.core.ApplicationContext.log Closing Spring root WebApplicationContext
07-Feb-2016 21:55:12.820 INFO [localhost-startStop-1] org.apache.catalina.core.ApplicationContext.log Spring WebApplicationInitializers detected on classpath: [org.springframework.boot.autoconfigure.jersey.JerseyAutoConfiguration$JerseyWebApplicationInitializer@21e6e3f5, com.jinx.ServletInitializer@2947fc50, org.glassfish.jersey.server.spring.SpringWebApplicationInitializer@2365dbc]
07-Feb-2016 21:55:14.684 INFO [localhost-startStop-1] org.apache.catalina.core.ApplicationContext.log Initializing Spring embedded WebApplicationContext
07-Feb-2016 21:55:16.171 INFO [tomcat-http--1] org.apache.catalina.core.ApplicationContext.log Initializing Spring FrameworkServlet 'dispatcherServlet'
07-Feb-2016 21:57:56.326 INFO [ContainerBackgroundProcessor[StandardEngine[Catalina]]] org.apache.catalina.core.ApplicationContext.log Destroying Spring FrameworkServlet 'dispatcherServlet'
07-Feb-2016 21:57:56.327 INFO [ContainerBackgroundProcessor[StandardEngine[Catalina]]] org.apache.catalina.core.ApplicationContext.log Closing Spring root WebApplicationContext
07-Feb-2016 21:57:57.123 INFO [ContainerBackgroundProcessor[StandardEngine[Catalina]]] org.apache.catalina.core.ApplicationContext.log Spring WebApplicationInitializers detected on classpath: [org.springframework.boot.autoconfigure.jersey.JerseyAutoConfiguration$JerseyWebApplicationInitializer@7ccdf856, org.glassfish.jersey.server.spring.SpringWebApplicationInitializer@67676304, com.jinx.ServletInitializer@7397e782]
07-Feb-2016 21:57:58.737 INFO [ContainerBackgroundProcessor[StandardEngine[Catalina]]] org.apache.catalina.core.ApplicationContext.log Initializing Spring embedded WebApplicationContext
07-Feb-2016 21:58:00.411 INFO [tomcat-http--50] org.apache.catalina.core.ApplicationContext.log Initializing Spring FrameworkServlet 'dispatcherServlet'
07-Feb-2016 21:58:51.293 INFO [localhost-startStop-2] org.apache.catalina.core.ApplicationContext.log Destroying Spring FrameworkServlet 'dispatcherServlet'
07-Feb-2016 21:58:51.294 INFO [localhost-startStop-2] org.apache.catalina.core.ApplicationContext.log Closing Spring root WebApplicationContext
07-Feb-2016 21:58:55.263 INFO [localhost-startStop-1] org.apache.catalina.core.ApplicationContext.log Spring WebApplicationInitializers detected on classpath: [org.springframework.boot.autoconfigure.jersey.JerseyAutoConfiguration$JerseyWebApplicationInitializer@4d309b55, org.glassfish.jersey.server.spring.SpringWebApplicationInitializer@72d3f737, com.jinx.ServletInitializer@3eb802a]
07-Feb-2016 21:58:56.991 INFO [localhost-startStop-1] org.apache.catalina.core.ApplicationContext.log Initializing Spring embedded WebApplicationContext
07-Feb-2016 21:58:58.512 INFO [tomcat-http--2] org.apache.catalina.core.ApplicationContext.log Initializing Spring FrameworkServlet 'dispatcherServlet'
07-Feb-2016 21:59:14.611 INFO [localhost-startStop-2] org.apache.catalina.core.ApplicationContext.log Destroying Spring FrameworkServlet 'dispatcherServlet'
07-Feb-2016 21:59:14.612 INFO [localhost-startStop-2] org.apache.catalina.core.ApplicationContext.log Closing Spring root WebApplicationContext
07-Feb-2016 21:59:18.432 INFO [localhost-startStop-1] org.apache.catalina.core.ApplicationContext.log Spring WebApplicationInitializers detected on classpath: [org.springframework.boot.autoconfigure.jersey.JerseyAutoConfiguration$JerseyWebApplicationInitializer@11ef11f7, org.glassfish.jersey.server.spring.SpringWebApplicationInitializer@426b9d85, com.jinx.ServletInitializer@57bd563f]
07-Feb-2016 21:59:20.160 INFO [localhost-startStop-1] org.apache.catalina.core.ApplicationContext.log Initializing Spring embedded WebApplicationContext
07-Feb-2016 21:59:21.621 INFO [tomcat-http--1] org.apache.catalina.core.ApplicationContext.log Initializing Spring FrameworkServlet 'dispatcherServlet'
07-Feb-2016 22:00:10.274 INFO [localhost-startStop-2] org.apache.catalina.core.ApplicationContext.log Destroying Spring FrameworkServlet 'dispatcherServlet'
07-Feb-2016 22:00:10.275 INFO [localhost-startStop-2] org.apache.catalina.core.ApplicationContext.log Closing Spring root WebApplicationContext
07-Feb-2016 22:00:14.881 INFO [localhost-startStop-1] org.apache.catalina.core.ApplicationContext.log Spring WebApplicationInitializers detected on classpath: [org.springframework.boot.autoconfigure.jersey.JerseyAutoConfiguration$JerseyWebApplicationInitializer@14594837, org.glassfish.jersey.server.spring.SpringWebApplicationInitializer@db69476, com.jinx.ServletInitializer@3e54bd28]
07-Feb-2016 22:00:16.855 INFO [localhost-startStop-1] org.apache.catalina.core.ApplicationContext.log Initializing Spring embedded WebApplicationContext
07-Feb-2016 22:00:18.341 INFO [tomcat-http--2] org.apache.catalina.core.ApplicationContext.log Initializing Spring FrameworkServlet 'dispatcherServlet'
07-Feb-2016 22:01:07.361 INFO [localhost-startStop-2] org.apache.catalina.core.ApplicationContext.log Destroying Spring FrameworkServlet 'dispatcherServlet'
07-Feb-2016 22:01:07.362 INFO [localhost-startStop-2] org.apache.catalina.core.ApplicationContext.log Closing Spring root WebApplicationContext
07-Feb-2016 22:01:12.326 INFO [localhost-startStop-1] org.apache.catalina.core.ApplicationContext.log Spring WebApplicationInitializers detected on classpath: [org.springframework.boot.autoconfigure.jersey.JerseyAutoConfiguration$JerseyWebApplicationInitializer@391ff963, com.jinx.ServletInitializer@4501efb8, org.glassfish.jersey.server.spring.SpringWebApplicationInitializer@6e0ff9f3]
07-Feb-2016 22:01:14.224 INFO [localhost-startStop-1] org.apache.catalina.core.ApplicationContext.log Initializing Spring embedded WebApplicationContext
07-Feb-2016 22:01:15.908 INFO [tomcat-http--2] org.apache.catalina.core.ApplicationContext.log Initializing Spring FrameworkServlet 'dispatcherServlet'
07-Feb-2016 22:03:23.918 INFO [ContainerBackgroundProcessor[StandardEngine[Catalina]]] org.apache.catalina.core.ApplicationContext.log Destroying Spring FrameworkServlet 'dispatcherServlet'
07-Feb-2016 22:03:23.919 INFO [ContainerBackgroundProcessor[StandardEngine[Catalina]]] org.apache.catalina.core.ApplicationContext.log Closing Spring root WebApplicationContext
07-Feb-2016 22:03:24.795 INFO [ContainerBackgroundProcessor[StandardEngine[Catalina]]] org.apache.catalina.core.ApplicationContext.log Spring WebApplicationInitializers detected on classpath: [org.springframework.boot.autoconfigure.jersey.JerseyAutoConfiguration$JerseyWebApplicationInitializer@31830f2c, org.glassfish.jersey.server.spring.SpringWebApplicationInitializer@232716b3, com.jinx.ServletInitializer@318d8041]
07-Feb-2016 22:03:26.491 INFO [ContainerBackgroundProcessor[StandardEngine[Catalina]]] org.apache.catalina.core.ApplicationContext.log Initializing Spring embedded WebApplicationContext
07-Feb-2016 22:03:30.126 INFO [tomcat-http--27] org.apache.catalina.core.ApplicationContext.log Initializing Spring FrameworkServlet 'dispatcherServlet'
07-Feb-2016 22:09:52.352 INFO [ContainerBackgroundProcessor[StandardEngine[Catalina]]] org.apache.catalina.core.ApplicationContext.log Destroying Spring FrameworkServlet 'dispatcherServlet'
07-Feb-2016 22:09:52.352 INFO [ContainerBackgroundProcessor[StandardEngine[Catalina]]] org.apache.catalina.core.ApplicationContext.log Closing Spring root WebApplicationContext
07-Feb-2016 22:09:53.148 INFO [ContainerBackgroundProcessor[StandardEngine[Catalina]]] org.apache.catalina.core.ApplicationContext.log Spring WebApplicationInitializers detected on classpath: [org.springframework.boot.autoconfigure.jersey.JerseyAutoConfiguration$JerseyWebApplicationInitializer@524b1842, com.jinx.ServletInitializer@43f2ea89, org.glassfish.jersey.server.spring.SpringWebApplicationInitializer@32d3c32]
07-Feb-2016 22:09:54.774 INFO [ContainerBackgroundProcessor[StandardEngine[Catalina]]] org.apache.catalina.core.ApplicationContext.log Initializing Spring embedded WebApplicationContext
07-Feb-2016 22:10:05.107 INFO [tomcat-http--57] org.apache.catalina.core.ApplicationContext.log Initializing Spring FrameworkServlet 'dispatcherServlet'
07-Feb-2016 22:13:19.538 INFO [ContainerBackgroundProcessor[StandardEngine[Catalina]]] org.apache.catalina.core.ApplicationContext.log Destroying Spring FrameworkServlet 'dispatcherServlet'
07-Feb-2016 22:13:19.538 INFO [ContainerBackgroundProcessor[StandardEngine[Catalina]]] org.apache.catalina.core.ApplicationContext.log Closing Spring root WebApplicationContext
07-Feb-2016 22:13:20.301 INFO [ContainerBackgroundProcessor[StandardEngine[Catalina]]] org.apache.catalina.core.ApplicationContext.log Spring WebApplicationInitializers detected on classpath: [org.springframework.boot.autoconfigure.jersey.JerseyAutoConfiguration$JerseyWebApplicationInitializer@3afc9847, org.glassfish.jersey.server.spring.SpringWebApplicationInitializer@5be91516, com.jinx.ServletInitializer@50dccd62]
07-Feb-2016 22:13:21.892 INFO [ContainerBackgroundProcessor[StandardEngine[Catalina]]] org.apache.catalina.core.ApplicationContext.log Initializing Spring embedded WebApplicationContext
07-Feb-2016 22:13:24.812 INFO [tomcat-http--71] org.apache.catalina.core.ApplicationContext.log Initializing Spring FrameworkServlet 'dispatcherServlet'
07-Feb-2016 22:13:33.687 INFO [ContainerBackgroundProcessor[StandardEngine[Catalina]]] org.apache.catalina.core.ApplicationContext.log Destroying Spring FrameworkServlet 'dispatcherServlet'
07-Feb-2016 22:13:33.687 INFO [ContainerBackgroundProcessor[StandardEngine[Catalina]]] org.apache.catalina.core.ApplicationContext.log Closing Spring root WebApplicationContext
07-Feb-2016 22:13:34.462 INFO [ContainerBackgroundProcessor[StandardEngine[Catalina]]] org.apache.catalina.core.ApplicationContext.log Spring WebApplicationInitializers detected on classpath: [org.springframework.boot.autoconfigure.jersey.JerseyAutoConfiguration$JerseyWebApplicationInitializer@24902ca9, org.glassfish.jersey.server.spring.SpringWebApplicationInitializer@16eaed67, com.jinx.ServletInitializer@48abd1e1]
07-Feb-2016 22:13:35.860 INFO [ContainerBackgroundProcessor[StandardEngine[Catalina]]] org.apache.catalina.core.ApplicationContext.log Initializing Spring embedded WebApplicationContext
07-Feb-2016 22:13:46.027 INFO [tomcat-http--1] org.apache.catalina.core.ApplicationContext.log Initializing Spring FrameworkServlet 'dispatcherServlet'
07-Feb-2016 22:15:45.238 INFO [ContainerBackgroundProcessor[StandardEngine[Catalina]]] org.apache.catalina.core.ApplicationContext.log Destroying Spring FrameworkServlet 'dispatcherServlet'
07-Feb-2016 22:15:45.239 INFO [ContainerBackgroundProcessor[StandardEngine[Catalina]]] org.apache.catalina.core.ApplicationContext.log Closing Spring root WebApplicationContext
07-Feb-2016 22:15:46.037 INFO [ContainerBackgroundProcessor[StandardEngine[Catalina]]] org.apache.catalina.core.ApplicationContext.log Spring WebApplicationInitializers detected on classpath: [org.springframework.boot.autoconfigure.jersey.JerseyAutoConfiguration$JerseyWebApplicationInitializer@35173e87, org.glassfish.jersey.server.spring.SpringWebApplicationInitializer@7613e9c0, com.jinx.ServletInitializer@6a7ec722]
07-Feb-2016 22:15:47.629 INFO [ContainerBackgroundProcessor[StandardEngine[Catalina]]] org.apache.catalina.core.ApplicationContext.log Initializing Spring embedded WebApplicationContext
07-Feb-2016 22:15:49.579 INFO [tomcat-http--24] org.apache.catalina.core.ApplicationContext.log Initializing Spring FrameworkServlet 'dispatcherServlet'
07-Feb-2016 22:16:09.390 INFO [ContainerBackgroundProcessor[StandardEngine[Catalina]]] org.apache.catalina.core.ApplicationContext.log Destroying Spring FrameworkServlet 'dispatcherServlet'
07-Feb-2016 22:16:09.390 INFO [ContainerBackgroundProcessor[StandardEngine[Catalina]]] org.apache.catalina.core.ApplicationContext.log Closing Spring root WebApplicationContext
07-Feb-2016 22:16:10.135 INFO [ContainerBackgroundProcessor[StandardEngine[Catalina]]] org.apache.catalina.core.ApplicationContext.log Spring WebApplicationInitializers detected on classpath: [org.springframework.boot.autoconfigure.jersey.JerseyAutoConfiguration$JerseyWebApplicationInitializer@3aa01bb6, org.glassfish.jersey.server.spring.SpringWebApplicationInitializer@28feff00, com.jinx.ServletInitializer@62c492ef]
07-Feb-2016 22:16:11.427 INFO [ContainerBackgroundProcessor[StandardEngine[Catalina]]] org.apache.catalina.core.ApplicationContext.log Initializing Spring embedded WebApplicationContext
07-Feb-2016 22:16:13.160 INFO [tomcat-http--97] org.apache.catalina.core.ApplicationContext.log Initializing Spring FrameworkServlet 'dispatcherServlet'
07-Feb-2016 22:16:43.865 INFO [ContainerBackgroundProcessor[StandardEngine[Catalina]]] org.apache.catalina.core.ApplicationContext.log Destroying Spring FrameworkServlet 'dispatcherServlet'
07-Feb-2016 22:16:43.865 INFO [ContainerBackgroundProcessor[StandardEngine[Catalina]]] org.apache.catalina.core.ApplicationContext.log Closing Spring root WebApplicationContext
07-Feb-2016 22:16:44.662 INFO [ContainerBackgroundProcessor[StandardEngine[Catalina]]] org.apache.catalina.core.ApplicationContext.log Spring WebApplicationInitializers detected on classpath: [org.springframework.boot.autoconfigure.jersey.JerseyAutoConfiguration$JerseyWebApplicationInitializer@2e830c22, org.glassfish.jersey.server.spring.SpringWebApplicationInitializer@2433f3e, com.jinx.ServletInitializer@1d3b41a2]
07-Feb-2016 22:16:45.910 INFO [ContainerBackgroundProcessor[StandardEngine[Catalina]]] org.apache.catalina.core.ApplicationContext.log Initializing Spring embedded WebApplicationContext
07-Feb-2016 22:16:47.753 INFO [tomcat-http--85] org.apache.catalina.core.ApplicationContext.log Initializing Spring FrameworkServlet 'dispatcherServlet'
07-Feb-2016 22:17:29.208 INFO [ContainerBackgroundProcessor[StandardEngine[Catalina]]] org.apache.catalina.core.ApplicationContext.log Destroying Spring FrameworkServlet 'dispatcherServlet'
07-Feb-2016 22:17:29.208 INFO [ContainerBackgroundProcessor[StandardEngine[Catalina]]] org.apache.catalina.core.ApplicationContext.log Closing Spring root WebApplicationContext
07-Feb-2016 22:17:29.990 INFO [ContainerBackgroundProcessor[StandardEngine[Catalina]]] org.apache.catalina.core.ApplicationContext.log Spring WebApplicationInitializers detected on classpath: [org.springframework.boot.autoconfigure.jersey.JerseyAutoConfiguration$JerseyWebApplicationInitializer@545c3e66, org.glassfish.jersey.server.spring.SpringWebApplicationInitializer@4d9c04ab, com.jinx.ServletInitializer@1d7c62de]
07-Feb-2016 22:17:31.435 INFO [ContainerBackgroundProcessor[StandardEngine[Catalina]]] org.apache.catalina.core.ApplicationContext.log Initializing Spring embedded WebApplicationContext
07-Feb-2016 22:17:32.883 INFO [tomcat-http--83] org.apache.catalina.core.ApplicationContext.log Initializing Spring FrameworkServlet 'dispatcherServlet'
07-Feb-2016 22:18:25.250 INFO [ContainerBackgroundProcessor[StandardEngine[Catalina]]] org.apache.catalina.core.ApplicationContext.log Destroying Spring FrameworkServlet 'dispatcherServlet'
07-Feb-2016 22:18:25.250 INFO [ContainerBackgroundProcessor[StandardEngine[Catalina]]] org.apache.catalina.core.ApplicationContext.log Closing Spring root WebApplicationContext
07-Feb-2016 22:18:26.007 INFO [ContainerBackgroundProcessor[StandardEngine[Catalina]]] org.apache.catalina.core.ApplicationContext.log Spring WebApplicationInitializers detected on classpath: [org.springframework.boot.autoconfigure.jersey.JerseyAutoConfiguration$JerseyWebApplicationInitializer@54c77660, org.glassfish.jersey.server.spring.SpringWebApplicationInitializer@19108236, com.jinx.ServletInitializer@4c94e8f6]
07-Feb-2016 22:18:27.267 INFO [ContainerBackgroundProcessor[StandardEngine[Catalina]]] org.apache.catalina.core.ApplicationContext.log Initializing Spring embedded WebApplicationContext
07-Feb-2016 22:18:29.016 INFO [tomcat-http--113] org.apache.catalina.core.ApplicationContext.log Initializing Spring FrameworkServlet 'dispatcherServlet'
07-Feb-2016 22:20:14.997 INFO [ContainerBackgroundProcessor[StandardEngine[Catalina]]] org.apache.catalina.core.ApplicationContext.log Destroying Spring FrameworkServlet 'dispatcherServlet'
07-Feb-2016 22:20:14.998 INFO [ContainerBackgroundProcessor[StandardEngine[Catalina]]] org.apache.catalina.core.ApplicationContext.log Closing Spring root WebApplicationContext
07-Feb-2016 22:20:15.740 INFO [ContainerBackgroundProcessor[StandardEngine[Catalina]]] org.apache.catalina.core.ApplicationContext.log Spring WebApplicationInitializers detected on classpath: [org.springframework.boot.autoconfigure.jersey.JerseyAutoConfiguration$JerseyWebApplicationInitializer@567ad6db, com.jinx.ServletInitializer@3729bf53, org.glassfish.jersey.server.spring.SpringWebApplicationInitializer@74d03d9c]
07-Feb-2016 22:20:17.286 INFO [ContainerBackgroundProcessor[StandardEngine[Catalina]]] org.apache.catalina.core.ApplicationContext.log Initializing Spring embedded WebApplicationContext
07-Feb-2016 22:20:19.176 INFO [tomcat-http--122] org.apache.catalina.core.ApplicationContext.log Initializing Spring FrameworkServlet 'dispatcherServlet'
07-Feb-2016 22:21:11.471 INFO [ContainerBackgroundProcessor[StandardEngine[Catalina]]] org.apache.catalina.core.ApplicationContext.log Destroying Spring FrameworkServlet 'dispatcherServlet'
07-Feb-2016 22:21:11.472 INFO [ContainerBackgroundProcessor[StandardEngine[Catalina]]] org.apache.catalina.core.ApplicationContext.log Closing Spring root WebApplicationContext
07-Feb-2016 22:21:12.271 INFO [ContainerBackgroundProcessor[StandardEngine[Catalina]]] org.apache.catalina.core.ApplicationContext.log Spring WebApplicationInitializers detected on classpath: [org.springframework.boot.autoconfigure.jersey.JerseyAutoConfiguration$JerseyWebApplicationInitializer@552fa00e, org.glassfish.jersey.server.spring.SpringWebApplicationInitializer@4fde786b, com.jinx.ServletInitializer@7b80b0cd]
07-Feb-2016 22:21:13.561 INFO [ContainerBackgroundProcessor[StandardEngine[Catalina]]] org.apache.catalina.core.ApplicationContext.log Initializing Spring embedded WebApplicationContext
07-Feb-2016 22:21:15.320 INFO [tomcat-http--20] org.apache.catalina.core.ApplicationContext.log Initializing Spring FrameworkServlet 'dispatcherServlet'
07-Feb-2016 22:23:11.417 INFO [ContainerBackgroundProcessor[StandardEngine[Catalina]]] org.apache.catalina.core.ApplicationContext.log Destroying Spring FrameworkServlet 'dispatcherServlet'
07-Feb-2016 22:23:11.417 INFO [ContainerBackgroundProcessor[StandardEngine[Catalina]]] org.apache.catalina.core.ApplicationContext.log Closing Spring root WebApplicationContext
07-Feb-2016 22:23:12.143 INFO [ContainerBackgroundProcessor[StandardEngine[Catalina]]] org.apache.catalina.core.ApplicationContext.log Spring WebApplicationInitializers detected on classpath: [org.springframework.boot.autoconfigure.jersey.JerseyAutoConfiguration$JerseyWebApplicationInitializer@5967fd31, com.jinx.ServletInitializer@1ceb57fb, org.glassfish.jersey.server.spring.SpringWebApplicationInitializer@364afe69]
07-Feb-2016 22:23:13.685 INFO [ContainerBackgroundProcessor[StandardEngine[Catalina]]] org.apache.catalina.core.ApplicationContext.log Initializing Spring embedded WebApplicationContext
07-Feb-2016 22:23:18.675 INFO [tomcat-http--142] org.apache.catalina.core.ApplicationContext.log Initializing Spring FrameworkServlet 'dispatcherServlet'
07-Feb-2016 22:31:48.818 INFO [ContainerBackgroundProcessor[StandardEngine[Catalina]]] org.apache.catalina.core.ApplicationContext.log Destroying Spring FrameworkServlet 'dispatcherServlet'
07-Feb-2016 22:31:48.819 INFO [ContainerBackgroundProcessor[StandardEngine[Catalina]]] org.apache.catalina.core.ApplicationContext.log Closing Spring root WebApplicationContext
07-Feb-2016 22:31:49.569 INFO [ContainerBackgroundProcessor[StandardEngine[Catalina]]] org.apache.catalina.core.ApplicationContext.log Spring WebApplicationInitializers detected on classpath: [org.springframework.boot.autoconfigure.jersey.JerseyAutoConfiguration$JerseyWebApplicationInitializer@4055d31b, com.jinx.ServletInitializer@617fa43e, org.glassfish.jersey.server.spring.SpringWebApplicationInitializer@4da7d152]
07-Feb-2016 22:31:51.160 INFO [ContainerBackgroundProcessor[StandardEngine[Catalina]]] org.apache.catalina.core.ApplicationContext.log Initializing Spring embedded WebApplicationContext
07-Feb-2016 22:31:52.783 INFO [tomcat-http--159] org.apache.catalina.core.ApplicationContext.log Initializing Spring FrameworkServlet 'dispatcherServlet'
07-Feb-2016 22:33:49.506 INFO [ContainerBackgroundProcessor[StandardEngine[Catalina]]] org.apache.catalina.core.ApplicationContext.log Destroying Spring FrameworkServlet 'dispatcherServlet'
07-Feb-2016 22:33:49.506 INFO [ContainerBackgroundProcessor[StandardEngine[Catalina]]] org.apache.catalina.core.ApplicationContext.log Closing Spring root WebApplicationContext
07-Feb-2016 22:33:50.274 INFO [ContainerBackgroundProcessor[StandardEngine[Catalina]]] org.apache.catalina.core.ApplicationContext.log Spring WebApplicationInitializers detected on classpath: [org.springframework.boot.autoconfigure.jersey.JerseyAutoConfiguration$JerseyWebApplicationInitializer@6d2d63c2, org.glassfish.jersey.server.spring.SpringWebApplicationInitializer@bb7b70a, com.jinx.ServletInitializer@725ae9a9]
07-Feb-2016 22:33:51.878 INFO [ContainerBackgroundProcessor[StandardEngine[Catalina]]] org.apache.catalina.core.ApplicationContext.log Initializing Spring embedded WebApplicationContext
07-Feb-2016 22:33:56.951 INFO [tomcat-http--166] org.apache.catalina.core.ApplicationContext.log Initializing Spring FrameworkServlet 'dispatcherServlet'
07-Feb-2016 22:35:17.853 INFO [ContainerBackgroundProcessor[StandardEngine[Catalina]]] org.apache.catalina.core.ApplicationContext.log Destroying Spring FrameworkServlet 'dispatcherServlet'
07-Feb-2016 22:35:17.854 INFO [ContainerBackgroundProcessor[StandardEngine[Catalina]]] org.apache.catalina.core.ApplicationContext.log Closing Spring root WebApplicationContext
07-Feb-2016 22:35:18.590 INFO [ContainerBackgroundProcessor[StandardEngine[Catalina]]] org.apache.catalina.core.ApplicationContext.log Spring WebApplicationInitializers detected on classpath: [org.springframework.boot.autoconfigure.jersey.JerseyAutoConfiguration$JerseyWebApplicationInitializer@15180a07, com.jinx.ServletInitializer@43e75798, org.glassfish.jersey.server.spring.SpringWebApplicationInitializer@33fa59de]
07-Feb-2016 22:35:19.883 INFO [ContainerBackgroundProcessor[StandardEngine[Catalina]]] org.apache.catalina.core.ApplicationContext.log Initializing Spring embedded WebApplicationContext
07-Feb-2016 22:35:21.097 INFO [tomcat-http--181] org.apache.catalina.core.ApplicationContext.log Initializing Spring FrameworkServlet 'dispatcherServlet'
07-Feb-2016 22:36:35.396 INFO [ContainerBackgroundProcessor[StandardEngine[Catalina]]] org.apache.catalina.core.ApplicationContext.log Destroying Spring FrameworkServlet 'dispatcherServlet'
07-Feb-2016 22:36:35.396 INFO [ContainerBackgroundProcessor[StandardEngine[Catalina]]] org.apache.catalina.core.ApplicationContext.log Closing Spring root WebApplicationContext
07-Feb-2016 22:36:36.159 INFO [ContainerBackgroundProcessor[StandardEngine[Catalina]]] org.apache.catalina.core.ApplicationContext.log Spring WebApplicationInitializers detected on classpath: [org.springframework.boot.autoconfigure.jersey.JerseyAutoConfiguration$JerseyWebApplicationInitializer@50df95b7, com.jinx.ServletInitializer@176f6f0b, org.glassfish.jersey.server.spring.SpringWebApplicationInitializer@31414df1]
07-Feb-2016 22:36:37.890 INFO [ContainerBackgroundProcessor[StandardEngine[Catalina]]] org.apache.catalina.core.ApplicationContext.log Initializing Spring embedded WebApplicationContext
07-Feb-2016 22:36:42.240 INFO [tomcat-http--190] org.apache.catalina.core.ApplicationContext.log Initializing Spring FrameworkServlet 'dispatcherServlet'
07-Feb-2016 22:37:21.064 INFO [ContainerBackgroundProcessor[StandardEngine[Catalina]]] org.apache.catalina.core.ApplicationContext.log Destroying Spring FrameworkServlet 'dispatcherServlet'
07-Feb-2016 22:37:21.064 INFO [ContainerBackgroundProcessor[StandardEngine[Catalina]]] org.apache.catalina.core.ApplicationContext.log Closing Spring root WebApplicationContext
07-Feb-2016 22:37:21.810 INFO [ContainerBackgroundProcessor[StandardEngine[Catalina]]] org.apache.catalina.core.ApplicationContext.log Spring WebApplicationInitializers detected on classpath: [org.springframework.boot.autoconfigure.jersey.JerseyAutoConfiguration$JerseyWebApplicationInitializer@2593039f, com.jinx.ServletInitializer@621f003, org.glassfish.jersey.server.spring.SpringWebApplicationInitializer@2c199549]
07-Feb-2016 22:37:23.023 INFO [ContainerBackgroundProcessor[StandardEngine[Catalina]]] org.apache.catalina.core.ApplicationContext.log Initializing Spring embedded WebApplicationContext
07-Feb-2016 22:37:25.363 INFO [tomcat-http--199] org.apache.catalina.core.ApplicationContext.log Initializing Spring FrameworkServlet 'dispatcherServlet'
07-Feb-2016 22:46:41.549 INFO [ContainerBackgroundProcessor[StandardEngine[Catalina]]] org.apache.catalina.core.ApplicationContext.log Destroying Spring FrameworkServlet 'dispatcherServlet'
07-Feb-2016 22:46:41.549 INFO [ContainerBackgroundProcessor[StandardEngine[Catalina]]] org.apache.catalina.core.ApplicationContext.log Closing Spring root WebApplicationContext
07-Feb-2016 22:46:42.337 INFO [ContainerBackgroundProcessor[StandardEngine[Catalina]]] org.apache.catalina.core.ApplicationContext.log Spring WebApplicationInitializers detected on classpath: [org.springframework.boot.autoconfigure.jersey.JerseyAutoConfiguration$JerseyWebApplicationInitializer@f9b5406, org.glassfish.jersey.server.spring.SpringWebApplicationInitializer@7fd6e9d1, com.jinx.ServletInitializer@1d978e23]
07-Feb-2016 22:47:32.191 INFO [localhost-startStop-1] org.apache.catalina.core.ApplicationContext.log Spring WebApplicationInitializers detected on classpath: [org.springframework.boot.autoconfigure.jersey.JerseyAutoConfiguration$JerseyWebApplicationInitializer@21e6e3f5, com.jinx.ServletInitializer@2947fc50, org.glassfish.jersey.server.spring.SpringWebApplicationInitializer@2365dbc]
07-Feb-2016 22:47:34.161 INFO [localhost-startStop-1] org.apache.catalina.core.ApplicationContext.log Initializing Spring embedded WebApplicationContext
07-Feb-2016 22:47:35.631 INFO [tomcat-http--1] org.apache.catalina.core.ApplicationContext.log Initializing Spring FrameworkServlet 'dispatcherServlet'
07-Feb-2016 22:48:50.132 INFO [ContainerBackgroundProcessor[StandardEngine[Catalina]]] org.apache.catalina.core.ApplicationContext.log Destroying Spring FrameworkServlet 'dispatcherServlet'
07-Feb-2016 22:48:50.133 INFO [ContainerBackgroundProcessor[StandardEngine[Catalina]]] org.apache.catalina.core.ApplicationContext.log Closing Spring root WebApplicationContext
07-Feb-2016 22:48:50.967 INFO [ContainerBackgroundProcessor[StandardEngine[Catalina]]] org.apache.catalina.core.ApplicationContext.log Spring WebApplicationInitializers detected on classpath: [org.springframework.boot.autoconfigure.jersey.JerseyAutoConfiguration$JerseyWebApplicationInitializer@68bdff2d, org.glassfish.jersey.server.spring.SpringWebApplicationInitializer@72309d79, com.jinx.ServletInitializer@492f0aaa]
07-Feb-2016 22:48:52.301 INFO [ContainerBackgroundProcessor[StandardEngine[Catalina]]] org.apache.catalina.core.ApplicationContext.log Initializing Spring embedded WebApplicationContext
07-Feb-2016 22:48:56.033 INFO [tomcat-http--22] org.apache.catalina.core.ApplicationContext.log Initializing Spring FrameworkServlet 'dispatcherServlet'
