06-Feb-2016 22:28:43.940 INFO [localhost-startStop-1] org.apache.catalina.core.ApplicationContext.log Spring WebApplicationInitializers detected on classpath: [org.springframework.boot.autoconfigure.jersey.JerseyAutoConfiguration$JerseyWebApplicationInitializer@6c3fd120, com.jinx.ServletInitializer@230bb115, org.glassfish.jersey.server.spring.SpringWebApplicationInitializer@5b123def]
06-Feb-2016 22:28:46.047 INFO [localhost-startStop-1] org.apache.catalina.core.ApplicationContext.log Initializing Spring embedded WebApplicationContext
06-Feb-2016 22:28:47.735 INFO [tomcat-http--1] org.apache.catalina.core.ApplicationContext.log Initializing Spring FrameworkServlet 'dispatcherServlet'
06-Feb-2016 22:38:58.429 INFO [ContainerBackgroundProcessor[StandardEngine[Catalina]]] org.apache.catalina.core.ApplicationContext.log Destroying Spring FrameworkServlet 'dispatcherServlet'
06-Feb-2016 22:38:58.430 INFO [ContainerBackgroundProcessor[StandardEngine[Catalina]]] org.apache.catalina.core.ApplicationContext.log Closing Spring root WebApplicationContext
06-Feb-2016 22:38:59.540 INFO [ContainerBackgroundProcessor[StandardEngine[Catalina]]] org.apache.catalina.core.ApplicationContext.log Spring WebApplicationInitializers detected on classpath: [org.springframework.boot.autoconfigure.jersey.JerseyAutoConfiguration$JerseyWebApplicationInitializer@46870126, com.jinx.ServletInitializer@d0285e7, org.glassfish.jersey.server.spring.SpringWebApplicationInitializer@176bcc44]
06-Feb-2016 22:39:01.360 INFO [ContainerBackgroundProcessor[StandardEngine[Catalina]]] org.apache.catalina.core.ApplicationContext.log Initializing Spring embedded WebApplicationContext
06-Feb-2016 22:39:06.084 INFO [tomcat-http--13] org.apache.catalina.core.ApplicationContext.log Initializing Spring FrameworkServlet 'dispatcherServlet'
06-Feb-2016 22:48:35.315 INFO [localhost-startStop-2] org.apache.catalina.core.ApplicationContext.log Destroying Spring FrameworkServlet 'dispatcherServlet'
06-Feb-2016 22:48:35.315 INFO [localhost-startStop-2] org.apache.catalina.core.ApplicationContext.log Closing Spring root WebApplicationContext
06-Feb-2016 22:48:47.292 INFO [localhost-startStop-1] org.apache.catalina.core.ApplicationContext.log Spring WebApplicationInitializers detected on classpath: [org.springframework.boot.autoconfigure.jersey.JerseyAutoConfiguration$JerseyWebApplicationInitializer@4ff426c9, com.jinx.ServletInitializer@5a3a3b20, org.glassfish.jersey.server.spring.SpringWebApplicationInitializer@22e36306]
06-Feb-2016 22:48:49.279 INFO [localhost-startStop-1] org.apache.catalina.core.ApplicationContext.log Initializing Spring embedded WebApplicationContext
06-Feb-2016 22:48:50.754 INFO [tomcat-http--1] org.apache.catalina.core.ApplicationContext.log Initializing Spring FrameworkServlet 'dispatcherServlet'
06-Feb-2016 22:49:43.679 INFO [ContainerBackgroundProcessor[StandardEngine[Catalina]]] org.apache.catalina.core.ApplicationContext.log Destroying Spring FrameworkServlet 'dispatcherServlet'
06-Feb-2016 22:49:43.680 INFO [ContainerBackgroundProcessor[StandardEngine[Catalina]]] org.apache.catalina.core.ApplicationContext.log Closing Spring root WebApplicationContext
06-Feb-2016 22:49:44.726 INFO [ContainerBackgroundProcessor[StandardEngine[Catalina]]] org.apache.catalina.core.ApplicationContext.log Spring WebApplicationInitializers detected on classpath: [org.springframework.boot.autoconfigure.jersey.JerseyAutoConfiguration$JerseyWebApplicationInitializer@531957a2, com.jinx.ServletInitializer@525c898d, org.glassfish.jersey.server.spring.SpringWebApplicationInitializer@40bd9842]
06-Feb-2016 22:49:46.156 INFO [ContainerBackgroundProcessor[StandardEngine[Catalina]]] org.apache.catalina.core.ApplicationContext.log Initializing Spring embedded WebApplicationContext
06-Feb-2016 22:49:47.459 INFO [tomcat-http--21] org.apache.catalina.core.ApplicationContext.log Initializing Spring FrameworkServlet 'dispatcherServlet'
06-Feb-2016 22:50:18.703 INFO [ContainerBackgroundProcessor[StandardEngine[Catalina]]] org.apache.catalina.core.ApplicationContext.log Destroying Spring FrameworkServlet 'dispatcherServlet'
06-Feb-2016 22:50:18.703 INFO [ContainerBackgroundProcessor[StandardEngine[Catalina]]] org.apache.catalina.core.ApplicationContext.log Closing Spring root WebApplicationContext
06-Feb-2016 22:50:19.563 INFO [ContainerBackgroundProcessor[StandardEngine[Catalina]]] org.apache.catalina.core.ApplicationContext.log Spring WebApplicationInitializers detected on classpath: [org.springframework.boot.autoconfigure.jersey.JerseyAutoConfiguration$JerseyWebApplicationInitializer@615a6c95, com.jinx.ServletInitializer@4ddedc4f, org.glassfish.jersey.server.spring.SpringWebApplicationInitializer@3309e42f]
06-Feb-2016 22:51:23.539 INFO [localhost-startStop-1] org.apache.catalina.core.ApplicationContext.log Spring WebApplicationInitializers detected on classpath: [org.springframework.boot.autoconfigure.jersey.JerseyAutoConfiguration$JerseyWebApplicationInitializer@63460c2e, org.glassfish.jersey.server.spring.SpringWebApplicationInitializer@6a6a7314, com.jinx.ServletInitializer@1df6b430]
06-Feb-2016 22:51:25.586 INFO [localhost-startStop-1] org.apache.catalina.core.ApplicationContext.log Initializing Spring embedded WebApplicationContext
06-Feb-2016 22:51:27.094 INFO [tomcat-http--1] org.apache.catalina.core.ApplicationContext.log Initializing Spring FrameworkServlet 'dispatcherServlet'
06-Feb-2016 22:52:30.720 INFO [ContainerBackgroundProcessor[StandardEngine[Catalina]]] org.apache.catalina.core.ApplicationContext.log Destroying Spring FrameworkServlet 'dispatcherServlet'
06-Feb-2016 22:52:30.721 INFO [ContainerBackgroundProcessor[StandardEngine[Catalina]]] org.apache.catalina.core.ApplicationContext.log Closing Spring root WebApplicationContext
06-Feb-2016 22:52:31.586 INFO [ContainerBackgroundProcessor[StandardEngine[Catalina]]] org.apache.catalina.core.ApplicationContext.log Spring WebApplicationInitializers detected on classpath: [org.springframework.boot.autoconfigure.jersey.JerseyAutoConfiguration$JerseyWebApplicationInitializer@7d7ffe8e, org.glassfish.jersey.server.spring.SpringWebApplicationInitializer@49f35e1d, com.jinx.ServletInitializer@11267346]
06-Feb-2016 22:52:32.942 INFO [ContainerBackgroundProcessor[StandardEngine[Catalina]]] org.apache.catalina.core.ApplicationContext.log Initializing Spring embedded WebApplicationContext
06-Feb-2016 22:52:38.581 INFO [tomcat-http--14] org.apache.catalina.core.ApplicationContext.log Initializing Spring FrameworkServlet 'dispatcherServlet'
06-Feb-2016 22:53:05.775 INFO [ContainerBackgroundProcessor[StandardEngine[Catalina]]] org.apache.catalina.core.ApplicationContext.log Destroying Spring FrameworkServlet 'dispatcherServlet'
06-Feb-2016 22:53:05.775 INFO [ContainerBackgroundProcessor[StandardEngine[Catalina]]] org.apache.catalina.core.ApplicationContext.log Closing Spring root WebApplicationContext
06-Feb-2016 22:53:06.852 INFO [ContainerBackgroundProcessor[StandardEngine[Catalina]]] org.apache.catalina.core.ApplicationContext.log Spring WebApplicationInitializers detected on classpath: [org.springframework.boot.autoconfigure.jersey.JerseyAutoConfiguration$JerseyWebApplicationInitializer@97f14df, com.jinx.ServletInitializer@686d8db2, org.glassfish.jersey.server.spring.SpringWebApplicationInitializer@2e48d795]
06-Feb-2016 22:53:08.323 INFO [ContainerBackgroundProcessor[StandardEngine[Catalina]]] org.apache.catalina.core.ApplicationContext.log Initializing Spring embedded WebApplicationContext
06-Feb-2016 22:53:10.084 INFO [tomcat-http--28] org.apache.catalina.core.ApplicationContext.log Initializing Spring FrameworkServlet 'dispatcherServlet'
06-Feb-2016 22:53:19.578 INFO [ContainerBackgroundProcessor[StandardEngine[Catalina]]] org.apache.catalina.core.ApplicationContext.log Destroying Spring FrameworkServlet 'dispatcherServlet'
06-Feb-2016 22:53:19.579 INFO [ContainerBackgroundProcessor[StandardEngine[Catalina]]] org.apache.catalina.core.ApplicationContext.log Closing Spring root WebApplicationContext
06-Feb-2016 22:53:20.391 INFO [ContainerBackgroundProcessor[StandardEngine[Catalina]]] org.apache.catalina.core.ApplicationContext.log Spring WebApplicationInitializers detected on classpath: [org.springframework.boot.autoconfigure.jersey.JerseyAutoConfiguration$JerseyWebApplicationInitializer@1436f10a, org.glassfish.jersey.server.spring.SpringWebApplicationInitializer@3a53fc36, com.jinx.ServletInitializer@153bd1df]
06-Feb-2016 22:53:21.724 INFO [ContainerBackgroundProcessor[StandardEngine[Catalina]]] org.apache.catalina.core.ApplicationContext.log Initializing Spring embedded WebApplicationContext
06-Feb-2016 22:53:24.797 INFO [tomcat-http--35] org.apache.catalina.core.ApplicationContext.log Initializing Spring FrameworkServlet 'dispatcherServlet'
06-Feb-2016 22:54:37.312 INFO [ContainerBackgroundProcessor[StandardEngine[Catalina]]] org.apache.catalina.core.ApplicationContext.log Destroying Spring FrameworkServlet 'dispatcherServlet'
06-Feb-2016 22:54:37.312 INFO [ContainerBackgroundProcessor[StandardEngine[Catalina]]] org.apache.catalina.core.ApplicationContext.log Closing Spring root WebApplicationContext
06-Feb-2016 22:54:38.470 INFO [ContainerBackgroundProcessor[StandardEngine[Catalina]]] org.apache.catalina.core.ApplicationContext.log Spring WebApplicationInitializers detected on classpath: [org.springframework.boot.autoconfigure.jersey.JerseyAutoConfiguration$JerseyWebApplicationInitializer@709e2a96, org.glassfish.jersey.server.spring.SpringWebApplicationInitializer@6610475f, com.jinx.ServletInitializer@6976fbed]
06-Feb-2016 22:54:39.871 INFO [ContainerBackgroundProcessor[StandardEngine[Catalina]]] org.apache.catalina.core.ApplicationContext.log Initializing Spring embedded WebApplicationContext
06-Feb-2016 22:54:46.347 INFO [tomcat-http--46] org.apache.catalina.core.ApplicationContext.log Initializing Spring FrameworkServlet 'dispatcherServlet'
06-Feb-2016 22:55:01.695 INFO [ContainerBackgroundProcessor[StandardEngine[Catalina]]] org.apache.catalina.core.ApplicationContext.log Destroying Spring FrameworkServlet 'dispatcherServlet'
06-Feb-2016 22:55:01.695 INFO [ContainerBackgroundProcessor[StandardEngine[Catalina]]] org.apache.catalina.core.ApplicationContext.log Closing Spring root WebApplicationContext
06-Feb-2016 22:55:02.524 INFO [ContainerBackgroundProcessor[StandardEngine[Catalina]]] org.apache.catalina.core.ApplicationContext.log Spring WebApplicationInitializers detected on classpath: [org.springframework.boot.autoconfigure.jersey.JerseyAutoConfiguration$JerseyWebApplicationInitializer@1db8abed, com.jinx.ServletInitializer@7f1d0cfd, org.glassfish.jersey.server.spring.SpringWebApplicationInitializer@50a3e914]
06-Feb-2016 22:55:03.834 INFO [ContainerBackgroundProcessor[StandardEngine[Catalina]]] org.apache.catalina.core.ApplicationContext.log Initializing Spring embedded WebApplicationContext
06-Feb-2016 22:57:11.016 INFO [tomcat-http--57] org.apache.catalina.core.ApplicationContext.log Initializing Spring FrameworkServlet 'dispatcherServlet'
06-Feb-2016 22:58:06.333 INFO [ContainerBackgroundProcessor[StandardEngine[Catalina]]] org.apache.catalina.core.ApplicationContext.log Destroying Spring FrameworkServlet 'dispatcherServlet'
06-Feb-2016 22:58:06.334 INFO [ContainerBackgroundProcessor[StandardEngine[Catalina]]] org.apache.catalina.core.ApplicationContext.log Closing Spring root WebApplicationContext
06-Feb-2016 22:58:07.472 INFO [ContainerBackgroundProcessor[StandardEngine[Catalina]]] org.apache.catalina.core.ApplicationContext.log Spring WebApplicationInitializers detected on classpath: [org.springframework.boot.autoconfigure.jersey.JerseyAutoConfiguration$JerseyWebApplicationInitializer@2d7c612, org.glassfish.jersey.server.spring.SpringWebApplicationInitializer@2c934bbc, com.jinx.ServletInitializer@636558e5]
06-Feb-2016 22:58:09.271 INFO [ContainerBackgroundProcessor[StandardEngine[Catalina]]] org.apache.catalina.core.ApplicationContext.log Initializing Spring embedded WebApplicationContext
06-Feb-2016 23:05:34.548 INFO [tomcat-http--65] org.apache.catalina.core.ApplicationContext.log Initializing Spring FrameworkServlet 'dispatcherServlet'
06-Feb-2016 23:07:48.057 INFO [ContainerBackgroundProcessor[StandardEngine[Catalina]]] org.apache.catalina.core.ApplicationContext.log Destroying Spring FrameworkServlet 'dispatcherServlet'
06-Feb-2016 23:07:48.057 INFO [ContainerBackgroundProcessor[StandardEngine[Catalina]]] org.apache.catalina.core.ApplicationContext.log Closing Spring root WebApplicationContext
06-Feb-2016 23:07:49.151 INFO [ContainerBackgroundProcessor[StandardEngine[Catalina]]] org.apache.catalina.core.ApplicationContext.log Spring WebApplicationInitializers detected on classpath: [org.springframework.boot.autoconfigure.jersey.JerseyAutoConfiguration$JerseyWebApplicationInitializer@b88a7ef, com.jinx.ServletInitializer@7c22eed0, org.glassfish.jersey.server.spring.SpringWebApplicationInitializer@310e4b7d]
06-Feb-2016 23:07:50.774 INFO [ContainerBackgroundProcessor[StandardEngine[Catalina]]] org.apache.catalina.core.ApplicationContext.log Initializing Spring embedded WebApplicationContext
06-Feb-2016 23:08:02.053 INFO [ContainerBackgroundProcessor[StandardEngine[Catalina]]] org.apache.catalina.core.ApplicationContext.log Closing Spring root WebApplicationContext
06-Feb-2016 23:08:02.812 INFO [ContainerBackgroundProcessor[StandardEngine[Catalina]]] org.apache.catalina.core.ApplicationContext.log Spring WebApplicationInitializers detected on classpath: [org.springframework.boot.autoconfigure.jersey.JerseyAutoConfiguration$JerseyWebApplicationInitializer@3a9aef7a, com.jinx.ServletInitializer@786e95b9, org.glassfish.jersey.server.spring.SpringWebApplicationInitializer@2ab5cd9e]
06-Feb-2016 23:08:04.032 INFO [ContainerBackgroundProcessor[StandardEngine[Catalina]]] org.apache.catalina.core.ApplicationContext.log Initializing Spring embedded WebApplicationContext
06-Feb-2016 23:08:08.695 INFO [tomcat-http--77] org.apache.catalina.core.ApplicationContext.log Initializing Spring FrameworkServlet 'dispatcherServlet'
06-Feb-2016 23:08:58.280 INFO [ContainerBackgroundProcessor[StandardEngine[Catalina]]] org.apache.catalina.core.ApplicationContext.log Destroying Spring FrameworkServlet 'dispatcherServlet'
06-Feb-2016 23:08:58.280 INFO [ContainerBackgroundProcessor[StandardEngine[Catalina]]] org.apache.catalina.core.ApplicationContext.log Closing Spring root WebApplicationContext
06-Feb-2016 23:08:59.091 INFO [ContainerBackgroundProcessor[StandardEngine[Catalina]]] org.apache.catalina.core.ApplicationContext.log Spring WebApplicationInitializers detected on classpath: [org.springframework.boot.autoconfigure.jersey.JerseyAutoConfiguration$JerseyWebApplicationInitializer@65770c52, com.jinx.ServletInitializer@5f096670, org.glassfish.jersey.server.spring.SpringWebApplicationInitializer@3d49cb61]
06-Feb-2016 23:09:00.446 INFO [ContainerBackgroundProcessor[StandardEngine[Catalina]]] org.apache.catalina.core.ApplicationContext.log Initializing Spring embedded WebApplicationContext
06-Feb-2016 23:16:32.060 INFO [localhost-startStop-1] org.apache.catalina.core.ApplicationContext.log Spring WebApplicationInitializers detected on classpath: [org.springframework.boot.autoconfigure.jersey.JerseyAutoConfiguration$JerseyWebApplicationInitializer@63460c2e, org.glassfish.jersey.server.spring.SpringWebApplicationInitializer@6a6a7314, com.jinx.ServletInitializer@1df6b430]
06-Feb-2016 23:16:34.070 INFO [localhost-startStop-1] org.apache.catalina.core.ApplicationContext.log Initializing Spring embedded WebApplicationContext
06-Feb-2016 23:16:35.558 INFO [tomcat-http--1] org.apache.catalina.core.ApplicationContext.log Initializing Spring FrameworkServlet 'dispatcherServlet'
06-Feb-2016 23:17:50.228 INFO [ContainerBackgroundProcessor[StandardEngine[Catalina]]] org.apache.catalina.core.ApplicationContext.log Destroying Spring FrameworkServlet 'dispatcherServlet'
06-Feb-2016 23:17:50.229 INFO [ContainerBackgroundProcessor[StandardEngine[Catalina]]] org.apache.catalina.core.ApplicationContext.log Closing Spring root WebApplicationContext
06-Feb-2016 23:17:51.157 INFO [ContainerBackgroundProcessor[StandardEngine[Catalina]]] org.apache.catalina.core.ApplicationContext.log Spring WebApplicationInitializers detected on classpath: [org.springframework.boot.autoconfigure.jersey.JerseyAutoConfiguration$JerseyWebApplicationInitializer@5ef82281, org.glassfish.jersey.server.spring.SpringWebApplicationInitializer@360ac640, com.jinx.ServletInitializer@1878018d]
06-Feb-2016 23:17:52.634 INFO [ContainerBackgroundProcessor[StandardEngine[Catalina]]] org.apache.catalina.core.ApplicationContext.log Initializing Spring embedded WebApplicationContext
06-Feb-2016 23:17:54.496 INFO [tomcat-http--48] org.apache.catalina.core.ApplicationContext.log Initializing Spring FrameworkServlet 'dispatcherServlet'
06-Feb-2016 23:18:36.261 INFO [ContainerBackgroundProcessor[StandardEngine[Catalina]]] org.apache.catalina.core.ApplicationContext.log Destroying Spring FrameworkServlet 'dispatcherServlet'
06-Feb-2016 23:18:36.261 INFO [ContainerBackgroundProcessor[StandardEngine[Catalina]]] org.apache.catalina.core.ApplicationContext.log Closing Spring root WebApplicationContext
06-Feb-2016 23:18:37.050 INFO [ContainerBackgroundProcessor[StandardEngine[Catalina]]] org.apache.catalina.core.ApplicationContext.log Spring WebApplicationInitializers detected on classpath: [org.springframework.boot.autoconfigure.jersey.JerseyAutoConfiguration$JerseyWebApplicationInitializer@720f9aeb, org.glassfish.jersey.server.spring.SpringWebApplicationInitializer@21ea7ff1, com.jinx.ServletInitializer@14484ef8]
06-Feb-2016 23:18:38.725 INFO [ContainerBackgroundProcessor[StandardEngine[Catalina]]] org.apache.catalina.core.ApplicationContext.log Initializing Spring embedded WebApplicationContext
06-Feb-2016 23:18:42.834 INFO [tomcat-http--21] org.apache.catalina.core.ApplicationContext.log Initializing Spring FrameworkServlet 'dispatcherServlet'
06-Feb-2016 23:19:22.175 INFO [ContainerBackgroundProcessor[StandardEngine[Catalina]]] org.apache.catalina.core.ApplicationContext.log Destroying Spring FrameworkServlet 'dispatcherServlet'
06-Feb-2016 23:19:22.175 INFO [ContainerBackgroundProcessor[StandardEngine[Catalina]]] org.apache.catalina.core.ApplicationContext.log Closing Spring root WebApplicationContext
06-Feb-2016 23:19:23.287 INFO [ContainerBackgroundProcessor[StandardEngine[Catalina]]] org.apache.catalina.core.ApplicationContext.log Spring WebApplicationInitializers detected on classpath: [org.springframework.boot.autoconfigure.jersey.JerseyAutoConfiguration$JerseyWebApplicationInitializer@321e6259, org.glassfish.jersey.server.spring.SpringWebApplicationInitializer@7a24c08b, com.jinx.ServletInitializer@79e5f5a]
06-Feb-2016 23:19:24.728 INFO [ContainerBackgroundProcessor[StandardEngine[Catalina]]] org.apache.catalina.core.ApplicationContext.log Initializing Spring embedded WebApplicationContext
06-Feb-2016 23:19:26.409 INFO [tomcat-http--2] org.apache.catalina.core.ApplicationContext.log Initializing Spring FrameworkServlet 'dispatcherServlet'
06-Feb-2016 23:19:57.551 INFO [ContainerBackgroundProcessor[StandardEngine[Catalina]]] org.apache.catalina.core.ApplicationContext.log Destroying Spring FrameworkServlet 'dispatcherServlet'
06-Feb-2016 23:19:57.551 INFO [ContainerBackgroundProcessor[StandardEngine[Catalina]]] org.apache.catalina.core.ApplicationContext.log Closing Spring root WebApplicationContext
06-Feb-2016 23:19:58.625 INFO [ContainerBackgroundProcessor[StandardEngine[Catalina]]] org.apache.catalina.core.ApplicationContext.log Spring WebApplicationInitializers detected on classpath: [org.springframework.boot.autoconfigure.jersey.JerseyAutoConfiguration$JerseyWebApplicationInitializer@2e428e70, com.jinx.ServletInitializer@503cb102, org.glassfish.jersey.server.spring.SpringWebApplicationInitializer@6c6f5c46]
06-Feb-2016 23:20:00.187 INFO [ContainerBackgroundProcessor[StandardEngine[Catalina]]] org.apache.catalina.core.ApplicationContext.log Initializing Spring embedded WebApplicationContext
06-Feb-2016 23:20:02.551 INFO [tomcat-http--55] org.apache.catalina.core.ApplicationContext.log Initializing Spring FrameworkServlet 'dispatcherServlet'
06-Feb-2016 23:20:37.583 INFO [localhost-startStop-2] org.apache.catalina.core.ApplicationContext.log Destroying Spring FrameworkServlet 'dispatcherServlet'
06-Feb-2016 23:20:37.584 INFO [localhost-startStop-2] org.apache.catalina.core.ApplicationContext.log Closing Spring root WebApplicationContext
06-Feb-2016 23:20:43.892 INFO [localhost-startStop-1] org.apache.catalina.core.ApplicationContext.log Spring WebApplicationInitializers detected on classpath: [org.springframework.boot.autoconfigure.jersey.JerseyAutoConfiguration$JerseyWebApplicationInitializer@11ef11f7, org.glassfish.jersey.server.spring.SpringWebApplicationInitializer@426b9d85, com.jinx.ServletInitializer@57bd563f]
06-Feb-2016 23:20:45.864 INFO [localhost-startStop-1] org.apache.catalina.core.ApplicationContext.log Initializing Spring embedded WebApplicationContext
06-Feb-2016 23:20:47.310 INFO [tomcat-http--1] org.apache.catalina.core.ApplicationContext.log Initializing Spring FrameworkServlet 'dispatcherServlet'
06-Feb-2016 23:22:01.630 INFO [ContainerBackgroundProcessor[StandardEngine[Catalina]]] org.apache.catalina.core.ApplicationContext.log Destroying Spring FrameworkServlet 'dispatcherServlet'
06-Feb-2016 23:22:01.631 INFO [ContainerBackgroundProcessor[StandardEngine[Catalina]]] org.apache.catalina.core.ApplicationContext.log Closing Spring root WebApplicationContext
06-Feb-2016 23:22:02.467 INFO [ContainerBackgroundProcessor[StandardEngine[Catalina]]] org.apache.catalina.core.ApplicationContext.log Spring WebApplicationInitializers detected on classpath: [org.springframework.boot.autoconfigure.jersey.JerseyAutoConfiguration$JerseyWebApplicationInitializer@7d7ffe8e, org.glassfish.jersey.server.spring.SpringWebApplicationInitializer@49f35e1d, com.jinx.ServletInitializer@11267346]
06-Feb-2016 23:22:03.759 INFO [ContainerBackgroundProcessor[StandardEngine[Catalina]]] org.apache.catalina.core.ApplicationContext.log Initializing Spring embedded WebApplicationContext
06-Feb-2016 23:22:12.939 INFO [tomcat-http--1] org.apache.catalina.core.ApplicationContext.log Initializing Spring FrameworkServlet 'dispatcherServlet'
06-Feb-2016 23:22:36.283 INFO [ContainerBackgroundProcessor[StandardEngine[Catalina]]] org.apache.catalina.core.ApplicationContext.log Destroying Spring FrameworkServlet 'dispatcherServlet'
06-Feb-2016 23:22:36.283 INFO [ContainerBackgroundProcessor[StandardEngine[Catalina]]] org.apache.catalina.core.ApplicationContext.log Closing Spring root WebApplicationContext
06-Feb-2016 23:22:37.131 INFO [ContainerBackgroundProcessor[StandardEngine[Catalina]]] org.apache.catalina.core.ApplicationContext.log Spring WebApplicationInitializers detected on classpath: [org.springframework.boot.autoconfigure.jersey.JerseyAutoConfiguration$JerseyWebApplicationInitializer@72a7f17d, com.jinx.ServletInitializer@581ec38c, org.glassfish.jersey.server.spring.SpringWebApplicationInitializer@1589e4fb]
06-Feb-2016 23:22:38.511 INFO [ContainerBackgroundProcessor[StandardEngine[Catalina]]] org.apache.catalina.core.ApplicationContext.log Initializing Spring embedded WebApplicationContext
06-Feb-2016 23:22:50.060 INFO [tomcat-http--1] org.apache.catalina.core.ApplicationContext.log Initializing Spring FrameworkServlet 'dispatcherServlet'
06-Feb-2016 23:24:15.504 INFO [ContainerBackgroundProcessor[StandardEngine[Catalina]]] org.apache.catalina.core.ApplicationContext.log Destroying Spring FrameworkServlet 'dispatcherServlet'
06-Feb-2016 23:24:15.505 INFO [ContainerBackgroundProcessor[StandardEngine[Catalina]]] org.apache.catalina.core.ApplicationContext.log Closing Spring root WebApplicationContext
06-Feb-2016 23:24:16.236 INFO [ContainerBackgroundProcessor[StandardEngine[Catalina]]] org.apache.catalina.core.ApplicationContext.log Spring WebApplicationInitializers detected on classpath: [org.springframework.boot.autoconfigure.jersey.JerseyAutoConfiguration$JerseyWebApplicationInitializer@f48f952, org.glassfish.jersey.server.spring.SpringWebApplicationInitializer@4b6b3ab0, com.jinx.ServletInitializer@5841f60a]
06-Feb-2016 23:24:17.502 INFO [ContainerBackgroundProcessor[StandardEngine[Catalina]]] org.apache.catalina.core.ApplicationContext.log Initializing Spring embedded WebApplicationContext
06-Feb-2016 23:24:18.669 INFO [tomcat-http--23] org.apache.catalina.core.ApplicationContext.log Initializing Spring FrameworkServlet 'dispatcherServlet'
06-Feb-2016 23:25:11.424 INFO [ContainerBackgroundProcessor[StandardEngine[Catalina]]] org.apache.catalina.core.ApplicationContext.log Destroying Spring FrameworkServlet 'dispatcherServlet'
06-Feb-2016 23:25:11.424 INFO [ContainerBackgroundProcessor[StandardEngine[Catalina]]] org.apache.catalina.core.ApplicationContext.log Closing Spring root WebApplicationContext
06-Feb-2016 23:25:12.188 INFO [ContainerBackgroundProcessor[StandardEngine[Catalina]]] org.apache.catalina.core.ApplicationContext.log Spring WebApplicationInitializers detected on classpath: [org.springframework.boot.autoconfigure.jersey.JerseyAutoConfiguration$JerseyWebApplicationInitializer@2cd9c3ef, com.jinx.ServletInitializer@350f8921, org.glassfish.jersey.server.spring.SpringWebApplicationInitializer@1bba64dc]
06-Feb-2016 23:25:28.435 INFO [localhost-startStop-1] org.apache.catalina.core.ApplicationContext.log Spring WebApplicationInitializers detected on classpath: [org.springframework.boot.autoconfigure.jersey.JerseyAutoConfiguration$JerseyWebApplicationInitializer@11ef11f7, org.glassfish.jersey.server.spring.SpringWebApplicationInitializer@426b9d85, com.jinx.ServletInitializer@57bd563f]
06-Feb-2016 23:25:30.069 INFO [localhost-startStop-1] org.apache.catalina.core.ApplicationContext.log Initializing Spring embedded WebApplicationContext
06-Feb-2016 23:25:31.505 INFO [tomcat-http--2] org.apache.catalina.core.ApplicationContext.log Initializing Spring FrameworkServlet 'dispatcherServlet'
06-Feb-2016 23:25:52.261 INFO [ContainerBackgroundProcessor[StandardEngine[Catalina]]] org.apache.catalina.core.ApplicationContext.log Destroying Spring FrameworkServlet 'dispatcherServlet'
06-Feb-2016 23:25:52.262 INFO [ContainerBackgroundProcessor[StandardEngine[Catalina]]] org.apache.catalina.core.ApplicationContext.log Closing Spring root WebApplicationContext
06-Feb-2016 23:25:53.080 INFO [ContainerBackgroundProcessor[StandardEngine[Catalina]]] org.apache.catalina.core.ApplicationContext.log Spring WebApplicationInitializers detected on classpath: [org.springframework.boot.autoconfigure.jersey.JerseyAutoConfiguration$JerseyWebApplicationInitializer@282ce527, com.jinx.ServletInitializer@512e0e0f, org.glassfish.jersey.server.spring.SpringWebApplicationInitializer@673d4441]
06-Feb-2016 23:25:54.379 INFO [ContainerBackgroundProcessor[StandardEngine[Catalina]]] org.apache.catalina.core.ApplicationContext.log Initializing Spring embedded WebApplicationContext
06-Feb-2016 23:26:08.467 INFO [tomcat-http--23] org.apache.catalina.core.ApplicationContext.log Initializing Spring FrameworkServlet 'dispatcherServlet'
06-Feb-2016 23:26:26.902 INFO [ContainerBackgroundProcessor[StandardEngine[Catalina]]] org.apache.catalina.core.ApplicationContext.log Destroying Spring FrameworkServlet 'dispatcherServlet'
06-Feb-2016 23:26:26.902 INFO [ContainerBackgroundProcessor[StandardEngine[Catalina]]] org.apache.catalina.core.ApplicationContext.log Closing Spring root WebApplicationContext
06-Feb-2016 23:26:27.697 INFO [ContainerBackgroundProcessor[StandardEngine[Catalina]]] org.apache.catalina.core.ApplicationContext.log Spring WebApplicationInitializers detected on classpath: [org.springframework.boot.autoconfigure.jersey.JerseyAutoConfiguration$JerseyWebApplicationInitializer@27a1f27b, com.jinx.ServletInitializer@7af1e622, org.glassfish.jersey.server.spring.SpringWebApplicationInitializer@6998c1b5]
06-Feb-2016 23:26:29.126 INFO [ContainerBackgroundProcessor[StandardEngine[Catalina]]] org.apache.catalina.core.ApplicationContext.log Initializing Spring embedded WebApplicationContext
06-Feb-2016 23:26:34.880 INFO [tomcat-http--46] org.apache.catalina.core.ApplicationContext.log Initializing Spring FrameworkServlet 'dispatcherServlet'
06-Feb-2016 23:27:34.214 INFO [ContainerBackgroundProcessor[StandardEngine[Catalina]]] org.apache.catalina.core.ApplicationContext.log Destroying Spring FrameworkServlet 'dispatcherServlet'
06-Feb-2016 23:27:34.214 INFO [ContainerBackgroundProcessor[StandardEngine[Catalina]]] org.apache.catalina.core.ApplicationContext.log Closing Spring root WebApplicationContext
06-Feb-2016 23:27:35.032 INFO [ContainerBackgroundProcessor[StandardEngine[Catalina]]] org.apache.catalina.core.ApplicationContext.log Spring WebApplicationInitializers detected on classpath: [org.springframework.boot.autoconfigure.jersey.JerseyAutoConfiguration$JerseyWebApplicationInitializer@4b580233, com.jinx.ServletInitializer@1b6b82b2, org.glassfish.jersey.server.spring.SpringWebApplicationInitializer@1845383c]
06-Feb-2016 23:27:36.370 INFO [ContainerBackgroundProcessor[StandardEngine[Catalina]]] org.apache.catalina.core.ApplicationContext.log Initializing Spring embedded WebApplicationContext
06-Feb-2016 23:27:37.477 INFO [tomcat-http--54] org.apache.catalina.core.ApplicationContext.log Initializing Spring FrameworkServlet 'dispatcherServlet'
06-Feb-2016 23:27:45.644 INFO [localhost-startStop-2] org.apache.catalina.core.ApplicationContext.log Destroying Spring FrameworkServlet 'dispatcherServlet'
06-Feb-2016 23:27:45.645 INFO [localhost-startStop-2] org.apache.catalina.core.ApplicationContext.log Closing Spring root WebApplicationContext
06-Feb-2016 23:27:49.728 INFO [localhost-startStop-1] org.apache.catalina.core.ApplicationContext.log Spring WebApplicationInitializers detected on classpath: [org.springframework.boot.autoconfigure.jersey.JerseyAutoConfiguration$JerseyWebApplicationInitializer@44c39c14, com.jinx.ServletInitializer@b7011b3, org.glassfish.jersey.server.spring.SpringWebApplicationInitializer@ab8b82c]
06-Feb-2016 23:27:51.404 INFO [localhost-startStop-1] org.apache.catalina.core.ApplicationContext.log Initializing Spring embedded WebApplicationContext
06-Feb-2016 23:27:52.956 INFO [tomcat-http--1] org.apache.catalina.core.ApplicationContext.log Initializing Spring FrameworkServlet 'dispatcherServlet'
06-Feb-2016 23:29:57.174 INFO [localhost-startStop-2] org.apache.catalina.core.ApplicationContext.log Destroying Spring FrameworkServlet 'dispatcherServlet'
06-Feb-2016 23:29:57.175 INFO [localhost-startStop-2] org.apache.catalina.core.ApplicationContext.log Closing Spring root WebApplicationContext
06-Feb-2016 23:30:02.904 INFO [localhost-startStop-1] org.apache.catalina.core.ApplicationContext.log Spring WebApplicationInitializers detected on classpath: [org.springframework.boot.autoconfigure.jersey.JerseyAutoConfiguration$JerseyWebApplicationInitializer@4ff426c9, com.jinx.ServletInitializer@5a3a3b20, org.glassfish.jersey.server.spring.SpringWebApplicationInitializer@22e36306]
06-Feb-2016 23:30:05.232 INFO [localhost-startStop-1] org.apache.catalina.core.ApplicationContext.log Initializing Spring embedded WebApplicationContext
06-Feb-2016 23:30:07.069 INFO [tomcat-http--1] org.apache.catalina.core.ApplicationContext.log Initializing Spring FrameworkServlet 'dispatcherServlet'
06-Feb-2016 23:42:29.130 INFO [ContainerBackgroundProcessor[StandardEngine[Catalina]]] org.apache.catalina.core.ApplicationContext.log Destroying Spring FrameworkServlet 'dispatcherServlet'
06-Feb-2016 23:42:29.131 INFO [ContainerBackgroundProcessor[StandardEngine[Catalina]]] org.apache.catalina.core.ApplicationContext.log Closing Spring root WebApplicationContext
06-Feb-2016 23:42:30.187 INFO [ContainerBackgroundProcessor[StandardEngine[Catalina]]] org.apache.catalina.core.ApplicationContext.log Spring WebApplicationInitializers detected on classpath: [org.springframework.boot.autoconfigure.jersey.JerseyAutoConfiguration$JerseyWebApplicationInitializer@74f2afd1, com.jinx.ServletInitializer@5d7e0d21, org.glassfish.jersey.server.spring.SpringWebApplicationInitializer@7f9d6e60]
06-Feb-2016 23:42:31.950 INFO [ContainerBackgroundProcessor[StandardEngine[Catalina]]] org.apache.catalina.core.ApplicationContext.log Initializing Spring embedded WebApplicationContext
06-Feb-2016 23:42:33.534 INFO [tomcat-http--27] org.apache.catalina.core.ApplicationContext.log Initializing Spring FrameworkServlet 'dispatcherServlet'
06-Feb-2016 23:43:36.787 INFO [ContainerBackgroundProcessor[StandardEngine[Catalina]]] org.apache.catalina.core.ApplicationContext.log Destroying Spring FrameworkServlet 'dispatcherServlet'
06-Feb-2016 23:43:36.788 INFO [ContainerBackgroundProcessor[StandardEngine[Catalina]]] org.apache.catalina.core.ApplicationContext.log Closing Spring root WebApplicationContext
06-Feb-2016 23:43:37.578 INFO [ContainerBackgroundProcessor[StandardEngine[Catalina]]] org.apache.catalina.core.ApplicationContext.log Spring WebApplicationInitializers detected on classpath: [org.springframework.boot.autoconfigure.jersey.JerseyAutoConfiguration$JerseyWebApplicationInitializer@2bde77d2, com.jinx.ServletInitializer@132c01ce, org.glassfish.jersey.server.spring.SpringWebApplicationInitializer@695846d1]
06-Feb-2016 23:43:38.934 INFO [ContainerBackgroundProcessor[StandardEngine[Catalina]]] org.apache.catalina.core.ApplicationContext.log Initializing Spring embedded WebApplicationContext
06-Feb-2016 23:43:40.692 INFO [tomcat-http--26] org.apache.catalina.core.ApplicationContext.log Initializing Spring FrameworkServlet 'dispatcherServlet'
06-Feb-2016 23:44:00.726 INFO [ContainerBackgroundProcessor[StandardEngine[Catalina]]] org.apache.catalina.core.ApplicationContext.log Destroying Spring FrameworkServlet 'dispatcherServlet'
06-Feb-2016 23:44:00.726 INFO [ContainerBackgroundProcessor[StandardEngine[Catalina]]] org.apache.catalina.core.ApplicationContext.log Closing Spring root WebApplicationContext
06-Feb-2016 23:44:01.539 INFO [ContainerBackgroundProcessor[StandardEngine[Catalina]]] org.apache.catalina.core.ApplicationContext.log Spring WebApplicationInitializers detected on classpath: [org.springframework.boot.autoconfigure.jersey.JerseyAutoConfiguration$JerseyWebApplicationInitializer@4f3d6111, org.glassfish.jersey.server.spring.SpringWebApplicationInitializer@78ff4a73, com.jinx.ServletInitializer@79340165]
06-Feb-2016 23:44:34.635 INFO [localhost-startStop-1] org.apache.catalina.core.ApplicationContext.log Spring WebApplicationInitializers detected on classpath: [org.springframework.boot.autoconfigure.jersey.JerseyAutoConfiguration$JerseyWebApplicationInitializer@5f432542, com.jinx.ServletInitializer@3c0fce90, org.glassfish.jersey.server.spring.SpringWebApplicationInitializer@27e422f5]
06-Feb-2016 23:44:36.600 INFO [localhost-startStop-1] org.apache.catalina.core.ApplicationContext.log Initializing Spring embedded WebApplicationContext
06-Feb-2016 23:44:38.083 INFO [tomcat-http--3] org.apache.catalina.core.ApplicationContext.log Initializing Spring FrameworkServlet 'dispatcherServlet'
06-Feb-2016 23:45:31.089 INFO [ContainerBackgroundProcessor[StandardEngine[Catalina]]] org.apache.catalina.core.ApplicationContext.log Destroying Spring FrameworkServlet 'dispatcherServlet'
06-Feb-2016 23:45:31.090 INFO [ContainerBackgroundProcessor[StandardEngine[Catalina]]] org.apache.catalina.core.ApplicationContext.log Closing Spring root WebApplicationContext
06-Feb-2016 23:45:32.204 INFO [ContainerBackgroundProcessor[StandardEngine[Catalina]]] org.apache.catalina.core.ApplicationContext.log Spring WebApplicationInitializers detected on classpath: [org.springframework.boot.autoconfigure.jersey.JerseyAutoConfiguration$JerseyWebApplicationInitializer@7cec5052, org.glassfish.jersey.server.spring.SpringWebApplicationInitializer@e461fea, com.jinx.ServletInitializer@c07f0b8]
06-Feb-2016 23:45:33.670 INFO [ContainerBackgroundProcessor[StandardEngine[Catalina]]] org.apache.catalina.core.ApplicationContext.log Initializing Spring embedded WebApplicationContext
06-Feb-2016 23:45:35.771 INFO [tomcat-http--45] org.apache.catalina.core.ApplicationContext.log Initializing Spring FrameworkServlet 'dispatcherServlet'
06-Feb-2016 23:45:55.491 INFO [ContainerBackgroundProcessor[StandardEngine[Catalina]]] org.apache.catalina.core.ApplicationContext.log Destroying Spring FrameworkServlet 'dispatcherServlet'
06-Feb-2016 23:45:55.491 INFO [ContainerBackgroundProcessor[StandardEngine[Catalina]]] org.apache.catalina.core.ApplicationContext.log Closing Spring root WebApplicationContext
06-Feb-2016 23:45:56.462 INFO [ContainerBackgroundProcessor[StandardEngine[Catalina]]] org.apache.catalina.core.ApplicationContext.log Spring WebApplicationInitializers detected on classpath: [org.springframework.boot.autoconfigure.jersey.JerseyAutoConfiguration$JerseyWebApplicationInitializer@3087a650, org.glassfish.jersey.server.spring.SpringWebApplicationInitializer@1e7bfb67, com.jinx.ServletInitializer@3f03f9fc]
06-Feb-2016 23:45:57.860 INFO [ContainerBackgroundProcessor[StandardEngine[Catalina]]] org.apache.catalina.core.ApplicationContext.log Initializing Spring embedded WebApplicationContext
06-Feb-2016 23:45:59.309 INFO [tomcat-http--18] org.apache.catalina.core.ApplicationContext.log Initializing Spring FrameworkServlet 'dispatcherServlet'
06-Feb-2016 23:46:30.311 INFO [ContainerBackgroundProcessor[StandardEngine[Catalina]]] org.apache.catalina.core.ApplicationContext.log Destroying Spring FrameworkServlet 'dispatcherServlet'
06-Feb-2016 23:46:30.311 INFO [ContainerBackgroundProcessor[StandardEngine[Catalina]]] org.apache.catalina.core.ApplicationContext.log Closing Spring root WebApplicationContext
06-Feb-2016 23:46:31.051 INFO [ContainerBackgroundProcessor[StandardEngine[Catalina]]] org.apache.catalina.core.ApplicationContext.log Spring WebApplicationInitializers detected on classpath: [org.springframework.boot.autoconfigure.jersey.JerseyAutoConfiguration$JerseyWebApplicationInitializer@dd1bbe1, com.jinx.ServletInitializer@63af9416, org.glassfish.jersey.server.spring.SpringWebApplicationInitializer@6d6cb56b]
06-Feb-2016 23:46:32.308 INFO [ContainerBackgroundProcessor[StandardEngine[Catalina]]] org.apache.catalina.core.ApplicationContext.log Initializing Spring embedded WebApplicationContext
06-Feb-2016 23:46:36.433 INFO [tomcat-http--17] org.apache.catalina.core.ApplicationContext.log Initializing Spring FrameworkServlet 'dispatcherServlet'
06-Feb-2016 23:47:04.855 INFO [ContainerBackgroundProcessor[StandardEngine[Catalina]]] org.apache.catalina.core.ApplicationContext.log Destroying Spring FrameworkServlet 'dispatcherServlet'
06-Feb-2016 23:47:04.855 INFO [ContainerBackgroundProcessor[StandardEngine[Catalina]]] org.apache.catalina.core.ApplicationContext.log Closing Spring root WebApplicationContext
06-Feb-2016 23:47:05.702 INFO [ContainerBackgroundProcessor[StandardEngine[Catalina]]] org.apache.catalina.core.ApplicationContext.log Spring WebApplicationInitializers detected on classpath: [org.springframework.boot.autoconfigure.jersey.JerseyAutoConfiguration$JerseyWebApplicationInitializer@cb1b4bf, org.glassfish.jersey.server.spring.SpringWebApplicationInitializer@a4c0ba5, com.jinx.ServletInitializer@3f035770]
06-Feb-2016 23:47:07.100 INFO [ContainerBackgroundProcessor[StandardEngine[Catalina]]] org.apache.catalina.core.ApplicationContext.log Initializing Spring embedded WebApplicationContext
06-Feb-2016 23:47:11.142 INFO [tomcat-http--45] org.apache.catalina.core.ApplicationContext.log Initializing Spring FrameworkServlet 'dispatcherServlet'
06-Feb-2016 23:47:42.518 INFO [localhost-startStop-2] org.apache.catalina.core.ApplicationContext.log Destroying Spring FrameworkServlet 'dispatcherServlet'
06-Feb-2016 23:47:42.519 INFO [localhost-startStop-2] org.apache.catalina.core.ApplicationContext.log Closing Spring root WebApplicationContext
06-Feb-2016 23:47:46.820 INFO [localhost-startStop-1] org.apache.catalina.core.ApplicationContext.log Spring WebApplicationInitializers detected on classpath: [org.springframework.boot.autoconfigure.jersey.JerseyAutoConfiguration$JerseyWebApplicationInitializer@14594837, org.glassfish.jersey.server.spring.SpringWebApplicationInitializer@db69476, com.jinx.ServletInitializer@3e54bd28]
06-Feb-2016 23:47:48.437 INFO [localhost-startStop-1] org.apache.catalina.core.ApplicationContext.log Initializing Spring embedded WebApplicationContext
06-Feb-2016 23:47:49.961 INFO [tomcat-http--1] org.apache.catalina.core.ApplicationContext.log Initializing Spring FrameworkServlet 'dispatcherServlet'
06-Feb-2016 23:51:08.045 INFO [localhost-startStop-2] org.apache.catalina.core.ApplicationContext.log Destroying Spring FrameworkServlet 'dispatcherServlet'
06-Feb-2016 23:51:08.046 INFO [localhost-startStop-2] org.apache.catalina.core.ApplicationContext.log Closing Spring root WebApplicationContext
06-Feb-2016 23:51:13.856 INFO [localhost-startStop-1] org.apache.catalina.core.ApplicationContext.log Spring WebApplicationInitializers detected on classpath: [org.springframework.boot.autoconfigure.jersey.JerseyAutoConfiguration$JerseyWebApplicationInitializer@5f432542, com.jinx.ServletInitializer@3c0fce90, org.glassfish.jersey.server.spring.SpringWebApplicationInitializer@27e422f5]
06-Feb-2016 23:51:15.745 INFO [localhost-startStop-1] org.apache.catalina.core.ApplicationContext.log Initializing Spring embedded WebApplicationContext
06-Feb-2016 23:51:17.193 INFO [tomcat-http--1] org.apache.catalina.core.ApplicationContext.log Initializing Spring FrameworkServlet 'dispatcherServlet'
06-Feb-2016 23:58:14.703 INFO [ContainerBackgroundProcessor[StandardEngine[Catalina]]] org.apache.catalina.core.ApplicationContext.log Destroying Spring FrameworkServlet 'dispatcherServlet'
06-Feb-2016 23:58:14.704 INFO [ContainerBackgroundProcessor[StandardEngine[Catalina]]] org.apache.catalina.core.ApplicationContext.log Closing Spring root WebApplicationContext
06-Feb-2016 23:58:15.794 INFO [ContainerBackgroundProcessor[StandardEngine[Catalina]]] org.apache.catalina.core.ApplicationContext.log Spring WebApplicationInitializers detected on classpath: [org.springframework.boot.autoconfigure.jersey.JerseyAutoConfiguration$JerseyWebApplicationInitializer@416dd3ad, com.jinx.ServletInitializer@f95d7f0, org.glassfish.jersey.server.spring.SpringWebApplicationInitializer@4a5e5522]
06-Feb-2016 23:58:17.502 INFO [ContainerBackgroundProcessor[StandardEngine[Catalina]]] org.apache.catalina.core.ApplicationContext.log Initializing Spring embedded WebApplicationContext
06-Feb-2016 23:58:18.852 INFO [tomcat-http--27] org.apache.catalina.core.ApplicationContext.log Initializing Spring FrameworkServlet 'dispatcherServlet'
06-Feb-2016 23:58:29.696 INFO [localhost-startStop-2] org.apache.catalina.core.ApplicationContext.log Destroying Spring FrameworkServlet 'dispatcherServlet'
06-Feb-2016 23:58:29.697 INFO [localhost-startStop-2] org.apache.catalina.core.ApplicationContext.log Closing Spring root WebApplicationContext
06-Feb-2016 23:58:41.659 INFO [localhost-startStop-1] org.apache.catalina.core.ApplicationContext.log Spring WebApplicationInitializers detected on classpath: [org.springframework.boot.autoconfigure.jersey.JerseyAutoConfiguration$JerseyWebApplicationInitializer@1d4353ef, org.glassfish.jersey.server.spring.SpringWebApplicationInitializer@777e7393, com.jinx.ServletInitializer@75650ca0]
06-Feb-2016 23:58:43.355 INFO [localhost-startStop-1] org.apache.catalina.core.ApplicationContext.log Initializing Spring embedded WebApplicationContext
06-Feb-2016 23:58:44.892 INFO [tomcat-http--1] org.apache.catalina.core.ApplicationContext.log Initializing Spring FrameworkServlet 'dispatcherServlet'
